<?xml version="1.0" encoding="UTF-8"?>
<coverage generated="1539968307119" clover="3.2.0">
  <project timestamp="1539968307119" name="All files">
    <metrics statements="167" coveredstatements="65" conditionals="50" coveredconditionals="14" methods="81" coveredmethods="30" elements="298" coveredelements="109" complexity="0" loc="167" ncloc="167" packages="5" files="15" classes="15">
      <package name="it2810-webutvikling-h18-prosjekt-3-13">
        <metrics statements="13" coveredstatements="7" conditionals="4" coveredconditionals="0" methods="7" coveredmethods="3"/>
        <file name="App.js" path="/Users/mariussd/dev/webutvikling/3/it2810-webutvikling-h18-prosjekt-3-13/App.js">
          <metrics statements="13" coveredstatements="7" conditionals="4" coveredconditionals="0" methods="7" coveredmethods="3"/>
          <line num="11" count="3" type="stmt"/>
          <line num="15" count="3" type="stmt"/>
          <line num="17" count="3" type="stmt"/>
          <line num="29" count="0" type="stmt"/>
          <line num="33" count="0" type="cond" truecount="0" falsecount="2"/>
          <line num="34" count="0" type="stmt"/>
          <line num="39" count="0" type="cond" truecount="0" falsecount="2"/>
          <line num="40" count="0" type="stmt"/>
          <line num="50" count="0" type="stmt"/>
          <line num="55" count="3" type="stmt"/>
          <line num="60" count="3" type="stmt"/>
          <line num="68" count="3" type="stmt"/>
          <line num="73" count="3" type="stmt"/>
        </file>
      </package>
      <package name="it2810-webutvikling-h18-prosjekt-3-13.components">
        <metrics statements="70" coveredstatements="20" conditionals="27" coveredconditionals="4" methods="31" coveredmethods="5"/>
        <file name="DailyGoalContainer.js" path="/Users/mariussd/dev/webutvikling/3/it2810-webutvikling-h18-prosjekt-3-13/components/DailyGoalContainer.js">
          <metrics statements="21" coveredstatements="1" conditionals="8" coveredconditionals="0" methods="9" coveredmethods="0"/>
          <line num="9" count="3" type="stmt"/>
          <line num="13" count="0" type="stmt"/>
          <line num="15" count="0" type="stmt"/>
          <line num="21" count="0" type="stmt"/>
          <line num="22" count="0" type="stmt"/>
          <line num="24" count="0" type="stmt"/>
          <line num="25" count="0" type="cond" truecount="0" falsecount="2"/>
          <line num="26" count="0" type="stmt"/>
          <line num="30" count="0" type="cond" truecount="0" falsecount="2"/>
          <line num="31" count="0" type="stmt"/>
          <line num="33" count="0" type="stmt"/>
          <line num="36" count="0" type="stmt"/>
          <line num="37" count="0" type="stmt"/>
          <line num="42" count="0" type="cond" truecount="0" falsecount="2"/>
          <line num="43" count="0" type="stmt"/>
          <line num="50" count="0" type="cond" truecount="0" falsecount="2"/>
          <line num="51" count="0" type="stmt"/>
          <line num="57" count="0" type="stmt"/>
          <line num="72" count="0" type="stmt"/>
          <line num="76" count="0" type="stmt"/>
          <line num="80" count="0" type="stmt"/>
        </file>
        <file name="DailyGoalForm.js" path="/Users/mariussd/dev/webutvikling/3/it2810-webutvikling-h18-prosjekt-3-13/components/DailyGoalForm.js">
          <metrics statements="9" coveredstatements="0" conditionals="2" coveredconditionals="0" methods="6" coveredmethods="0"/>
          <line num="7" count="0" type="stmt"/>
          <line num="10" count="0" type="stmt"/>
          <line num="15" count="0" type="cond" truecount="0" falsecount="2"/>
          <line num="16" count="0" type="stmt"/>
          <line num="19" count="0" type="stmt"/>
          <line num="24" count="0" type="stmt"/>
          <line num="29" count="0" type="stmt"/>
          <line num="42" count="0" type="stmt"/>
          <line num="54" count="0" type="stmt"/>
        </file>
        <file name="Pedometer.js" path="/Users/mariussd/dev/webutvikling/3/it2810-webutvikling-h18-prosjekt-3-13/components/Pedometer.js">
          <metrics statements="40" coveredstatements="19" conditionals="17" coveredconditionals="4" methods="16" coveredmethods="5"/>
          <line num="27" count="1" type="stmt"/>
          <line num="28" count="0" type="cond" truecount="0" falsecount="2"/>
          <line num="29" count="0" type="stmt"/>
          <line num="31" count="0" type="stmt"/>
          <line num="34" count="1" type="stmt"/>
          <line num="38" count="0" type="stmt"/>
          <line num="44" count="0" type="cond" truecount="0" falsecount="2"/>
          <line num="49" count="0" type="stmt"/>
          <line num="53" count="0" type="stmt"/>
          <line num="55" count="0" type="stmt"/>
          <line num="62" count="1" type="stmt"/>
          <line num="63" count="0" type="stmt"/>
          <line num="68" count="1" type="stmt"/>
          <line num="70" count="0" type="stmt"/>
          <line num="75" count="0" type="stmt"/>
          <line num="82" count="1" type="stmt"/>
          <line num="83" count="1" type="stmt"/>
          <line num="84" count="1" type="stmt"/>
          <line num="85" count="1" type="stmt"/>
          <line num="87" count="0" type="stmt"/>
          <line num="90" count="0" type="stmt"/>
          <line num="99" count="1" type="stmt"/>
          <line num="100" count="1" type="stmt"/>
          <line num="105" count="2" type="cond" truecount="1" falsecount="1"/>
          <line num="106" count="0" type="stmt"/>
          <line num="107" count="2" type="cond" truecount="1" falsecount="1"/>
          <line num="108" count="0" type="stmt"/>
          <line num="109" count="2" type="cond" truecount="1" falsecount="1"/>
          <line num="110" count="0" type="stmt"/>
          <line num="111" count="2" type="cond" truecount="1" falsecount="1"/>
          <line num="112" count="0" type="stmt"/>
          <line num="114" count="2" type="stmt"/>
          <line num="120" count="0" type="cond" truecount="0" falsecount="2"/>
          <line num="121" count="0" type="stmt"/>
          <line num="126" count="1" type="stmt"/>
          <line num="127" count="1" type="stmt"/>
          <line num="129" count="1" type="stmt"/>
          <line num="158" count="0" type="stmt"/>
          <line num="159" count="0" type="stmt"/>
          <line num="173" count="3" type="stmt"/>
        </file>
      </package>
      <package name="it2810-webutvikling-h18-prosjekt-3-13.components.todo">
        <metrics statements="59" coveredstatements="29" conditionals="19" coveredconditionals="10" methods="31" coveredmethods="15"/>
        <file name="InputBox.js" path="/Users/mariussd/dev/webutvikling/3/it2810-webutvikling-h18-prosjekt-3-13/components/todo/InputBox.js">
          <metrics statements="10" coveredstatements="4" conditionals="4" coveredconditionals="1" methods="5" coveredmethods="3"/>
          <line num="9" count="1" type="stmt"/>
          <line num="14" count="1" type="stmt"/>
          <line num="21" count="0" type="stmt"/>
          <line num="22" count="0" type="stmt"/>
          <line num="29" count="0" type="cond" truecount="0" falsecount="2"/>
          <line num="30" count="0" type="stmt"/>
          <line num="31" count="0" type="stmt"/>
          <line num="34" count="0" type="stmt"/>
          <line num="39" count="1" type="stmt"/>
          <line num="64" count="3" type="stmt"/>
        </file>
        <file name="ListObject.js" path="/Users/mariussd/dev/webutvikling/3/it2810-webutvikling-h18-prosjekt-3-13/components/todo/ListObject.js">
          <metrics statements="7" coveredstatements="3" conditionals="4" coveredconditionals="2" methods="6" coveredmethods="2"/>
          <line num="7" count="4" type="stmt"/>
          <line num="12" count="0" type="stmt"/>
          <line num="17" count="0" type="stmt"/>
          <line num="21" count="4" type="stmt"/>
          <line num="54" count="0" type="stmt"/>
          <line num="68" count="0" type="stmt"/>
          <line num="76" count="3" type="stmt"/>
        </file>
        <file name="PartList.js" path="/Users/mariussd/dev/webutvikling/3/it2810-webutvikling-h18-prosjekt-3-13/components/todo/PartList.js">
          <metrics statements="6" coveredstatements="4" conditionals="0" coveredconditionals="0" methods="5" coveredmethods="3"/>
          <line num="7" count="2" type="stmt"/>
          <line num="12" count="0" type="stmt"/>
          <line num="17" count="0" type="stmt"/>
          <line num="21" count="2" type="stmt"/>
          <line num="24" count="4" type="stmt"/>
          <line num="37" count="3" type="stmt"/>
        </file>
        <file name="TodoApp.js" path="/Users/mariussd/dev/webutvikling/3/it2810-webutvikling-h18-prosjekt-3-13/components/todo/TodoApp.js">
          <metrics statements="32" coveredstatements="14" conditionals="8" coveredconditionals="4" methods="14" coveredmethods="6"/>
          <line num="14" count="1" type="stmt"/>
          <line num="16" count="1" type="stmt"/>
          <line num="18" count="1" type="cond" truecount="1" falsecount="1"/>
          <line num="19" count="1" type="stmt"/>
          <line num="20" count="4" type="stmt"/>
          <line num="24" count="1" type="stmt"/>
          <line num="31" count="1" type="stmt"/>
          <line num="36" count="0" type="stmt"/>
          <line num="41" count="0" type="stmt"/>
          <line num="42" count="0" type="stmt"/>
          <line num="43" count="0" type="stmt"/>
          <line num="50" count="0" type="stmt"/>
          <line num="51" count="0" type="stmt"/>
          <line num="52" count="0" type="stmt"/>
          <line num="53" count="0" type="stmt"/>
          <line num="60" count="0" type="stmt"/>
          <line num="61" count="0" type="stmt"/>
          <line num="62" count="0" type="stmt"/>
          <line num="63" count="0" type="stmt"/>
          <line num="64" count="0" type="stmt"/>
          <line num="65" count="0" type="stmt"/>
          <line num="72" count="0" type="stmt"/>
          <line num="77" count="0" type="stmt"/>
          <line num="82" count="0" type="stmt"/>
          <line num="86" count="4" type="stmt"/>
          <line num="87" count="4" type="stmt"/>
          <line num="89" count="1" type="stmt"/>
          <line num="91" count="1" type="cond" truecount="1" falsecount="1"/>
          <line num="92" count="1" type="stmt"/>
          <line num="123" count="0" type="stmt"/>
          <line num="134" count="1" type="stmt"/>
          <line num="150" count="3" type="stmt"/>
        </file>
        <file name="TodoModel.js" path="/Users/mariussd/dev/webutvikling/3/it2810-webutvikling-h18-prosjekt-3-13/components/todo/TodoModel.js">
          <metrics statements="4" coveredstatements="4" conditionals="3" coveredconditionals="3" methods="1" coveredmethods="1"/>
          <line num="4" count="4" type="stmt"/>
          <line num="5" count="4" type="cond" truecount="2" falsecount="0"/>
          <line num="6" count="4" type="stmt"/>
          <line num="10" count="3" type="stmt"/>
        </file>
      </package>
      <package name="it2810-webutvikling-h18-prosjekt-3-13.screens">
        <metrics statements="16" coveredstatements="6" conditionals="0" coveredconditionals="0" methods="10" coveredmethods="6"/>
        <file name="HomeScreen.js" path="/Users/mariussd/dev/webutvikling/3/it2810-webutvikling-h18-prosjekt-3-13/screens/HomeScreen.js">
          <metrics statements="3" coveredstatements="3" conditionals="0" coveredconditionals="0" methods="3" coveredmethods="3"/>
          <line num="13" count="3" type="stmt"/>
          <line num="20" count="6" type="stmt"/>
          <line num="26" count="3" type="stmt"/>
        </file>
        <file name="SettingsScreen.js" path="/Users/mariussd/dev/webutvikling/3/it2810-webutvikling-h18-prosjekt-3-13/screens/SettingsScreen.js">
          <metrics statements="9" coveredstatements="1" conditionals="0" coveredconditionals="0" methods="4" coveredmethods="1"/>
          <line num="18" count="6" type="stmt"/>
          <line num="29" count="0" type="stmt"/>
          <line num="30" count="0" type="stmt"/>
          <line num="31" count="0" type="stmt"/>
          <line num="37" count="0" type="stmt"/>
          <line num="38" count="0" type="stmt"/>
          <line num="39" count="0" type="stmt"/>
          <line num="44" count="0" type="stmt"/>
          <line num="45" count="0" type="stmt"/>
        </file>
        <file name="TodoScreen.js" path="/Users/mariussd/dev/webutvikling/3/it2810-webutvikling-h18-prosjekt-3-13/screens/TodoScreen.js">
          <metrics statements="3" coveredstatements="1" conditionals="0" coveredconditionals="0" methods="2" coveredmethods="1"/>
          <line num="15" count="6" type="stmt"/>
          <line num="25" count="0" type="stmt"/>
          <line num="26" count="0" type="stmt"/>
        </file>
        <file name="index.js" path="/Users/mariussd/dev/webutvikling/3/it2810-webutvikling-h18-prosjekt-3-13/screens/index.js">
          <metrics statements="0" coveredstatements="0" conditionals="0" coveredconditionals="0" methods="0" coveredmethods="0"/>
        </file>
        <file name="styles.js" path="/Users/mariussd/dev/webutvikling/3/it2810-webutvikling-h18-prosjekt-3-13/screens/styles.js">
          <metrics statements="1" coveredstatements="1" conditionals="0" coveredconditionals="0" methods="1" coveredmethods="1"/>
          <line num="5" count="15" type="stmt"/>
        </file>
      </package>
      <package name="it2810-webutvikling-h18-prosjekt-3-13.utils">
        <metrics statements="9" coveredstatements="3" conditionals="0" coveredconditionals="0" methods="2" coveredmethods="1"/>
        <file name="localstorage.js" path="/Users/mariussd/dev/webutvikling/3/it2810-webutvikling-h18-prosjekt-3-13/utils/localstorage.js">
          <metrics statements="9" coveredstatements="3" conditionals="0" coveredconditionals="0" methods="2" coveredmethods="1"/>
          <line num="4" count="0" type="stmt"/>
          <line num="5" count="0" type="stmt"/>
          <line num="7" count="0" type="stmt"/>
          <line num="11" count="3" type="stmt"/>
          <line num="13" count="5" type="stmt"/>
          <line num="14" count="5" type="stmt"/>
          <line num="15" count="0" type="stmt"/>
          <line num="17" count="0" type="stmt"/>
          <line num="19" count="0" type="stmt"/>
        </file>
      </package>
    </metrics>
  </project>
</coverage>
