{"/Users/mariussd/dev/webutvikling/3/it2810-webutvikling-h18-prosjekt-3-13/App.js": {"path":"/Users/mariussd/dev/webutvikling/3/it2810-webutvikling-h18-prosjekt-3-13/App.js","statementMap":{"0":{"start":{"line":9,"column":23},"end":{"line":9,"column":29}},"1":{"start":{"line":13,"column":4},"end":{"line":13,"column":17}},"2":{"start":{"line":14,"column":4},"end":{"line":14,"column":48}},"3":{"start":{"line":15,"column":4},"end":{"line":21,"column":6}},"4":{"start":{"line":25,"column":4},"end":{"line":28,"column":7}},"5":{"start":{"line":29,"column":4},"end":{"line":39,"column":5}},"6":{"start":{"line":30,"column":6},"end":{"line":33,"column":9}},"7":{"start":{"line":34,"column":11},"end":{"line":39,"column":5}},"8":{"start":{"line":35,"column":6},"end":{"line":38,"column":9}},"9":{"start":{"line":43,"column":4},"end":{"line":43,"column":69}},"10":{"start":{"line":43,"column":37},"end":{"line":43,"column":67}},"11":{"start":{"line":46,"column":4},"end":{"line":46,"column":69}},"12":{"start":{"line":46,"column":37},"end":{"line":46,"column":67}},"13":{"start":{"line":50,"column":4},"end":{"line":50,"column":36}},"14":{"start":{"line":51,"column":4},"end":{"line":51,"column":34}},"15":{"start":{"line":52,"column":24},"end":{"line":57,"column":5}},"16":{"start":{"line":58,"column":4},"end":{"line":58,"column":51}},"17":{"start":{"line":62,"column":25},"end":{"line":79,"column":1}}},"fnMap":{"0":{"name":"(anonymous_0)","decl":{"start":{"line":12,"column":2},"end":{"line":12,"column":3}},"loc":{"start":{"line":12,"column":21},"end":{"line":22,"column":3}},"line":12},"1":{"name":"(anonymous_1)","decl":{"start":{"line":24,"column":22},"end":{"line":24,"column":23}},"loc":{"start":{"line":24,"column":31},"end":{"line":40,"column":3}},"line":24},"2":{"name":"(anonymous_2)","decl":{"start":{"line":42,"column":15},"end":{"line":42,"column":16}},"loc":{"start":{"line":42,"column":21},"end":{"line":44,"column":3}},"line":42},"3":{"name":"(anonymous_3)","decl":{"start":{"line":43,"column":27},"end":{"line":43,"column":28}},"loc":{"start":{"line":43,"column":37},"end":{"line":43,"column":67}},"line":43},"4":{"name":"(anonymous_4)","decl":{"start":{"line":45,"column":2},"end":{"line":45,"column":3}},"loc":{"start":{"line":45,"column":22},"end":{"line":47,"column":3}},"line":45},"5":{"name":"(anonymous_5)","decl":{"start":{"line":46,"column":27},"end":{"line":46,"column":28}},"loc":{"start":{"line":46,"column":37},"end":{"line":46,"column":67}},"line":46},"6":{"name":"(anonymous_6)","decl":{"start":{"line":49,"column":2},"end":{"line":49,"column":3}},"loc":{"start":{"line":49,"column":11},"end":{"line":59,"column":3}},"line":49}},"branchMap":{"0":{"loc":{"start":{"line":29,"column":4},"end":{"line":39,"column":5}},"type":"if","locations":[{"start":{"line":29,"column":4},"end":{"line":39,"column":5}},{"start":{"line":29,"column":4},"end":{"line":39,"column":5}}],"line":29},"1":{"loc":{"start":{"line":34,"column":11},"end":{"line":39,"column":5}},"type":"if","locations":[{"start":{"line":34,"column":11},"end":{"line":39,"column":5}},{"start":{"line":34,"column":11},"end":{"line":39,"column":5}}],"line":34}},"s":{"0":2,"1":3,"2":3,"3":3,"4":0,"5":0,"6":0,"7":0,"8":0,"9":0,"10":0,"11":3,"12":0,"13":3,"14":3,"15":3,"16":3,"17":2},"f":{"0":3,"1":0,"2":0,"3":0,"4":3,"5":0,"6":3},"b":{"0":[0,0],"1":[0,0]},"_coverageSchema":"332fd63041d2c1bcb487cc26dd0d5f7d97098a6c","hash":"016a68560d3963f18f9a0dc3f2e4abe8e4eeb233"}
,"/Users/mariussd/dev/webutvikling/3/it2810-webutvikling-h18-prosjekt-3-13/__test__/sum.js": {"path":"/Users/mariussd/dev/webutvikling/3/it2810-webutvikling-h18-prosjekt-3-13/__test__/sum.js","statementMap":{"0":{"start":{"line":2,"column":2},"end":{"line":2,"column":15}},"1":{"start":{"line":4,"column":0},"end":{"line":4,"column":21}}},"fnMap":{"0":{"name":"sum","decl":{"start":{"line":1,"column":9},"end":{"line":1,"column":12}},"loc":{"start":{"line":1,"column":19},"end":{"line":3,"column":1}},"line":1}},"branchMap":{},"s":{"0":1,"1":1},"f":{"0":1},"b":{},"_coverageSchema":"332fd63041d2c1bcb487cc26dd0d5f7d97098a6c","hash":"2dbe6a08f8d718b702698a3475412accbfce43b9"}
,"/Users/mariussd/dev/webutvikling/3/it2810-webutvikling-h18-prosjekt-3-13/components/DailyGoal.js": {"path":"/Users/mariussd/dev/webutvikling/3/it2810-webutvikling-h18-prosjekt-3-13/components/DailyGoal.js","statementMap":{"0":{"start":{"line":6,"column":4},"end":{"line":10,"column":6}}},"fnMap":{"0":{"name":"(anonymous_0)","decl":{"start":{"line":5,"column":2},"end":{"line":5,"column":3}},"loc":{"start":{"line":5,"column":11},"end":{"line":11,"column":3}},"line":5}},"branchMap":{},"s":{"0":1},"f":{"0":1},"b":{},"_coverageSchema":"332fd63041d2c1bcb487cc26dd0d5f7d97098a6c","hash":"f1b77f09c8be7c7d4fb2e9515848e037eba91457"}
,"/Users/mariussd/dev/webutvikling/3/it2810-webutvikling-h18-prosjekt-3-13/components/DailyGoalContainer.js": {"path":"/Users/mariussd/dev/webutvikling/3/it2810-webutvikling-h18-prosjekt-3-13/components/DailyGoalContainer.js","statementMap":{"0":{"start":{"line":9,"column":13},"end":{"line":9,"column":40}},"1":{"start":{"line":13,"column":4},"end":{"line":13,"column":17}},"2":{"start":{"line":15,"column":4},"end":{"line":15,"column":45}},"3":{"start":{"line":19,"column":20},"end":{"line":19,"column":41}},"4":{"start":{"line":20,"column":23},"end":{"line":20,"column":28}},"5":{"start":{"line":22,"column":4},"end":{"line":26,"column":7}},"6":{"start":{"line":23,"column":6},"end":{"line":25,"column":7}},"7":{"start":{"line":24,"column":8},"end":{"line":24,"column":28}},"8":{"start":{"line":28,"column":4},"end":{"line":32,"column":5}},"9":{"start":{"line":29,"column":6},"end":{"line":29,"column":33}},"10":{"start":{"line":31,"column":6},"end":{"line":31,"column":53}},"11":{"start":{"line":34,"column":4},"end":{"line":34,"column":71}},"12":{"start":{"line":35,"column":4},"end":{"line":35,"column":33}},"13":{"start":{"line":39,"column":4},"end":{"line":41,"column":5}},"14":{"start":{"line":40,"column":6},"end":{"line":40,"column":26}},"15":{"start":{"line":45,"column":4},"end":{"line":62,"column":5}},"16":{"start":{"line":46,"column":6},"end":{"line":50,"column":8}},"17":{"start":{"line":52,"column":6},"end":{"line":61,"column":8}},"18":{"start":{"line":66,"column":4},"end":{"line":66,"column":73}},"19":{"start":{"line":66,"column":50},"end":{"line":66,"column":71}},"20":{"start":{"line":70,"column":4},"end":{"line":70,"column":47}},"21":{"start":{"line":74,"column":4},"end":{"line":86,"column":6}}},"fnMap":{"0":{"name":"(anonymous_0)","decl":{"start":{"line":12,"column":2},"end":{"line":12,"column":3}},"loc":{"start":{"line":12,"column":21},"end":{"line":16,"column":3}},"line":12},"1":{"name":"(anonymous_1)","decl":{"start":{"line":18,"column":15},"end":{"line":18,"column":16}},"loc":{"start":{"line":18,"column":29},"end":{"line":36,"column":3}},"line":18},"2":{"name":"(anonymous_2)","decl":{"start":{"line":22,"column":22},"end":{"line":22,"column":23}},"loc":{"start":{"line":22,"column":30},"end":{"line":26,"column":5}},"line":22},"3":{"name":"(anonymous_3)","decl":{"start":{"line":38,"column":15},"end":{"line":38,"column":16}},"loc":{"start":{"line":38,"column":21},"end":{"line":42,"column":3}},"line":38},"4":{"name":"(anonymous_4)","decl":{"start":{"line":44,"column":23},"end":{"line":44,"column":24}},"loc":{"start":{"line":44,"column":29},"end":{"line":63,"column":3}},"line":44},"5":{"name":"(anonymous_5)","decl":{"start":{"line":65,"column":2},"end":{"line":65,"column":3}},"loc":{"start":{"line":65,"column":22},"end":{"line":67,"column":3}},"line":65},"6":{"name":"(anonymous_6)","decl":{"start":{"line":66,"column":40},"end":{"line":66,"column":41}},"loc":{"start":{"line":66,"column":50},"end":{"line":66,"column":71}},"line":66},"7":{"name":"(anonymous_7)","decl":{"start":{"line":69,"column":2},"end":{"line":69,"column":3}},"loc":{"start":{"line":69,"column":23},"end":{"line":71,"column":3}},"line":69},"8":{"name":"(anonymous_8)","decl":{"start":{"line":73,"column":2},"end":{"line":73,"column":3}},"loc":{"start":{"line":73,"column":11},"end":{"line":87,"column":3}},"line":73}},"branchMap":{"0":{"loc":{"start":{"line":23,"column":6},"end":{"line":25,"column":7}},"type":"if","locations":[{"start":{"line":23,"column":6},"end":{"line":25,"column":7}},{"start":{"line":23,"column":6},"end":{"line":25,"column":7}}],"line":23},"1":{"loc":{"start":{"line":28,"column":4},"end":{"line":32,"column":5}},"type":"if","locations":[{"start":{"line":28,"column":4},"end":{"line":32,"column":5}},{"start":{"line":28,"column":4},"end":{"line":32,"column":5}}],"line":28},"2":{"loc":{"start":{"line":39,"column":4},"end":{"line":41,"column":5}},"type":"if","locations":[{"start":{"line":39,"column":4},"end":{"line":41,"column":5}},{"start":{"line":39,"column":4},"end":{"line":41,"column":5}}],"line":39},"3":{"loc":{"start":{"line":45,"column":4},"end":{"line":62,"column":5}},"type":"if","locations":[{"start":{"line":45,"column":4},"end":{"line":62,"column":5}},{"start":{"line":45,"column":4},"end":{"line":62,"column":5}}],"line":45}},"s":{"0":2,"1":3,"2":3,"3":0,"4":0,"5":0,"6":0,"7":0,"8":0,"9":0,"10":0,"11":0,"12":0,"13":0,"14":0,"15":3,"16":3,"17":0,"18":3,"19":0,"20":0,"21":3},"f":{"0":3,"1":0,"2":0,"3":0,"4":3,"5":3,"6":0,"7":0,"8":3},"b":{"0":[0,0],"1":[0,0],"2":[0,0],"3":[3,0]},"_coverageSchema":"332fd63041d2c1bcb487cc26dd0d5f7d97098a6c","hash":"4a738964a02efdd276bb5c70b44c4ce51b743531"}
,"/Users/mariussd/dev/webutvikling/3/it2810-webutvikling-h18-prosjekt-3-13/components/DailyGoalForm.js": {"path":"/Users/mariussd/dev/webutvikling/3/it2810-webutvikling-h18-prosjekt-3-13/components/DailyGoalForm.js","statementMap":{"0":{"start":{"line":9,"column":4},"end":{"line":9,"column":17}},"1":{"start":{"line":10,"column":4},"end":{"line":10,"column":35}},"2":{"start":{"line":14,"column":4},"end":{"line":16,"column":5}},"3":{"start":{"line":15,"column":6},"end":{"line":15,"column":63}},"4":{"start":{"line":18,"column":4},"end":{"line":18,"column":27}},"5":{"start":{"line":22,"column":4},"end":{"line":22,"column":31}},"6":{"start":{"line":26,"column":4},"end":{"line":75,"column":6}},"7":{"start":{"line":40,"column":14},"end":{"line":40,"column":37}},"8":{"start":{"line":51,"column":34},"end":{"line":51,"column":68}}},"fnMap":{"0":{"name":"(anonymous_0)","decl":{"start":{"line":8,"column":2},"end":{"line":8,"column":3}},"loc":{"start":{"line":8,"column":21},"end":{"line":11,"column":3}},"line":8},"1":{"name":"(anonymous_1)","decl":{"start":{"line":13,"column":17},"end":{"line":13,"column":18}},"loc":{"start":{"line":13,"column":23},"end":{"line":19,"column":3}},"line":13},"2":{"name":"(anonymous_2)","decl":{"start":{"line":21,"column":15},"end":{"line":21,"column":16}},"loc":{"start":{"line":21,"column":21},"end":{"line":23,"column":3}},"line":21},"3":{"name":"(anonymous_3)","decl":{"start":{"line":25,"column":2},"end":{"line":25,"column":3}},"loc":{"start":{"line":25,"column":11},"end":{"line":76,"column":3}},"line":25},"4":{"name":"(anonymous_4)","decl":{"start":{"line":39,"column":17},"end":{"line":39,"column":18}},"loc":{"start":{"line":39,"column":26},"end":{"line":41,"column":13}},"line":39},"5":{"name":"(anonymous_5)","decl":{"start":{"line":51,"column":26},"end":{"line":51,"column":27}},"loc":{"start":{"line":51,"column":34},"end":{"line":51,"column":68}},"line":51}},"branchMap":{"0":{"loc":{"start":{"line":14,"column":4},"end":{"line":16,"column":5}},"type":"if","locations":[{"start":{"line":14,"column":4},"end":{"line":16,"column":5}},{"start":{"line":14,"column":4},"end":{"line":16,"column":5}}],"line":14}},"s":{"0":3,"1":3,"2":0,"3":0,"4":0,"5":0,"6":3,"7":3,"8":0},"f":{"0":3,"1":0,"2":0,"3":3,"4":3,"5":0},"b":{"0":[0,0]},"_coverageSchema":"332fd63041d2c1bcb487cc26dd0d5f7d97098a6c","hash":"e132ff164788b088937901fe492a20d81624ad8f"}
,"/Users/mariussd/dev/webutvikling/3/it2810-webutvikling-h18-prosjekt-3-13/components/Pedometer.js": {"path":"/Users/mariussd/dev/webutvikling/3/it2810-webutvikling-h18-prosjekt-3-13/components/Pedometer.js","statementMap":{"0":{"start":{"line":22,"column":4},"end":{"line":22,"column":74}},"1":{"start":{"line":22,"column":40},"end":{"line":22,"column":73}},"2":{"start":{"line":23,"column":4},"end":{"line":23,"column":22}},"3":{"start":{"line":27,"column":4},"end":{"line":27,"column":24}},"4":{"start":{"line":32,"column":4},"end":{"line":38,"column":5}},"5":{"start":{"line":33,"column":6},"end":{"line":36,"column":6}},"6":{"start":{"line":37,"column":6},"end":{"line":37,"column":49}},"7":{"start":{"line":42,"column":4},"end":{"line":46,"column":7}},"8":{"start":{"line":43,"column":6},"end":{"line":45,"column":9}},"9":{"start":{"line":48,"column":4},"end":{"line":59,"column":6}},"10":{"start":{"line":50,"column":8},"end":{"line":52,"column":11}},"11":{"start":{"line":55,"column":8},"end":{"line":57,"column":11}},"12":{"start":{"line":61,"column":16},"end":{"line":61,"column":26}},"13":{"start":{"line":62,"column":18},"end":{"line":62,"column":28}},"14":{"start":{"line":63,"column":4},"end":{"line":63,"column":37}},"15":{"start":{"line":64,"column":4},"end":{"line":73,"column":6}},"16":{"start":{"line":66,"column":8},"end":{"line":66,"column":55}},"17":{"start":{"line":69,"column":8},"end":{"line":71,"column":11}},"18":{"start":{"line":77,"column":28},"end":{"line":77,"column":72}},"19":{"start":{"line":78,"column":4},"end":{"line":83,"column":5}},"20":{"start":{"line":79,"column":6},"end":{"line":82,"column":21}},"21":{"start":{"line":80,"column":8},"end":{"line":80,"column":51}},"22":{"start":{"line":82,"column":11},"end":{"line":82,"column":21}},"23":{"start":{"line":84,"column":4},"end":{"line":89,"column":5}},"24":{"start":{"line":85,"column":6},"end":{"line":88,"column":21}},"25":{"start":{"line":86,"column":8},"end":{"line":86,"column":51}},"26":{"start":{"line":88,"column":11},"end":{"line":88,"column":21}},"27":{"start":{"line":93,"column":4},"end":{"line":107,"column":5}},"28":{"start":{"line":94,"column":6},"end":{"line":94,"column":23}},"29":{"start":{"line":96,"column":9},"end":{"line":107,"column":5}},"30":{"start":{"line":97,"column":6},"end":{"line":97,"column":23}},"31":{"start":{"line":99,"column":9},"end":{"line":107,"column":5}},"32":{"start":{"line":100,"column":6},"end":{"line":100,"column":22}},"33":{"start":{"line":102,"column":9},"end":{"line":107,"column":5}},"34":{"start":{"line":103,"column":6},"end":{"line":103,"column":22}},"35":{"start":{"line":106,"column":6},"end":{"line":106,"column":23}},"36":{"start":{"line":111,"column":4},"end":{"line":111,"column":54}},"37":{"start":{"line":112,"column":4},"end":{"line":112,"column":30}},"38":{"start":{"line":116,"column":24},"end":{"line":116,"column":34}},"39":{"start":{"line":117,"column":26},"end":{"line":117,"column":49}},"40":{"start":{"line":118,"column":21},"end":{"line":118,"column":52}},"41":{"start":{"line":119,"column":22},"end":{"line":119,"column":54}},"42":{"start":{"line":120,"column":4},"end":{"line":159,"column":6}},"43":{"start":{"line":149,"column":34},"end":{"line":149,"column":55}},"44":{"start":{"line":151,"column":32},"end":{"line":151,"column":66}},"45":{"start":{"line":163,"column":0},"end":{"line":163,"column":44}}},"fnMap":{"0":{"name":"(anonymous_0)","decl":{"start":{"line":21,"column":2},"end":{"line":21,"column":3}},"loc":{"start":{"line":21,"column":22},"end":{"line":24,"column":3}},"line":21},"1":{"name":"(anonymous_1)","decl":{"start":{"line":22,"column":30},"end":{"line":22,"column":31}},"loc":{"start":{"line":22,"column":40},"end":{"line":22,"column":73}},"line":22},"2":{"name":"(anonymous_2)","decl":{"start":{"line":26,"column":2},"end":{"line":26,"column":3}},"loc":{"start":{"line":26,"column":25},"end":{"line":28,"column":3}},"line":26},"3":{"name":"(anonymous_3)","decl":{"start":{"line":30,"column":19},"end":{"line":30,"column":20}},"loc":{"start":{"line":30,"column":25},"end":{"line":39,"column":3}},"line":30},"4":{"name":"(anonymous_4)","decl":{"start":{"line":41,"column":15},"end":{"line":41,"column":16}},"loc":{"start":{"line":41,"column":21},"end":{"line":74,"column":3}},"line":41},"5":{"name":"(anonymous_5)","decl":{"start":{"line":42,"column":50},"end":{"line":42,"column":51}},"loc":{"start":{"line":42,"column":60},"end":{"line":46,"column":5}},"line":42},"6":{"name":"(anonymous_6)","decl":{"start":{"line":49,"column":6},"end":{"line":49,"column":7}},"loc":{"start":{"line":49,"column":16},"end":{"line":53,"column":7}},"line":49},"7":{"name":"(anonymous_7)","decl":{"start":{"line":54,"column":6},"end":{"line":54,"column":7}},"loc":{"start":{"line":54,"column":15},"end":{"line":58,"column":7}},"line":54},"8":{"name":"(anonymous_8)","decl":{"start":{"line":65,"column":6},"end":{"line":65,"column":7}},"loc":{"start":{"line":65,"column":16},"end":{"line":67,"column":7}},"line":65},"9":{"name":"(anonymous_9)","decl":{"start":{"line":68,"column":6},"end":{"line":68,"column":7}},"loc":{"start":{"line":68,"column":15},"end":{"line":72,"column":7}},"line":68},"10":{"name":"(anonymous_10)","decl":{"start":{"line":76,"column":2},"end":{"line":76,"column":3}},"loc":{"start":{"line":76,"column":31},"end":{"line":90,"column":3}},"line":76},"11":{"name":"(anonymous_11)","decl":{"start":{"line":92,"column":2},"end":{"line":92,"column":3}},"loc":{"start":{"line":92,"column":20},"end":{"line":108,"column":3}},"line":92},"12":{"name":"(anonymous_12)","decl":{"start":{"line":110,"column":17},"end":{"line":110,"column":18}},"loc":{"start":{"line":110,"column":23},"end":{"line":113,"column":3}},"line":110},"13":{"name":"(anonymous_13)","decl":{"start":{"line":115,"column":2},"end":{"line":115,"column":3}},"loc":{"start":{"line":115,"column":11},"end":{"line":160,"column":3}},"line":115},"14":{"name":"(anonymous_14)","decl":{"start":{"line":149,"column":24},"end":{"line":149,"column":25}},"loc":{"start":{"line":149,"column":34},"end":{"line":149,"column":55}},"line":149},"15":{"name":"(anonymous_15)","decl":{"start":{"line":151,"column":24},"end":{"line":151,"column":25}},"loc":{"start":{"line":151,"column":32},"end":{"line":151,"column":66}},"line":151}},"branchMap":{"0":{"loc":{"start":{"line":32,"column":4},"end":{"line":38,"column":5}},"type":"if","locations":[{"start":{"line":32,"column":4},"end":{"line":38,"column":5}},{"start":{"line":32,"column":4},"end":{"line":38,"column":5}}],"line":32},"1":{"loc":{"start":{"line":32,"column":7},"end":{"line":32,"column":110}},"type":"binary-expr","locations":[{"start":{"line":32,"column":7},"end":{"line":32,"column":37}},{"start":{"line":32,"column":41},"end":{"line":32,"column":65}},{"start":{"line":32,"column":69},"end":{"line":32,"column":110}}],"line":32},"2":{"loc":{"start":{"line":78,"column":4},"end":{"line":83,"column":5}},"type":"if","locations":[{"start":{"line":78,"column":4},"end":{"line":83,"column":5}},{"start":{"line":78,"column":4},"end":{"line":83,"column":5}}],"line":78},"3":{"loc":{"start":{"line":79,"column":6},"end":{"line":82,"column":21}},"type":"if","locations":[{"start":{"line":79,"column":6},"end":{"line":82,"column":21}},{"start":{"line":79,"column":6},"end":{"line":82,"column":21}}],"line":79},"4":{"loc":{"start":{"line":84,"column":4},"end":{"line":89,"column":5}},"type":"if","locations":[{"start":{"line":84,"column":4},"end":{"line":89,"column":5}},{"start":{"line":84,"column":4},"end":{"line":89,"column":5}}],"line":84},"5":{"loc":{"start":{"line":85,"column":6},"end":{"line":88,"column":21}},"type":"if","locations":[{"start":{"line":85,"column":6},"end":{"line":88,"column":21}},{"start":{"line":85,"column":6},"end":{"line":88,"column":21}}],"line":85},"6":{"loc":{"start":{"line":93,"column":4},"end":{"line":107,"column":5}},"type":"if","locations":[{"start":{"line":93,"column":4},"end":{"line":107,"column":5}},{"start":{"line":93,"column":4},"end":{"line":107,"column":5}}],"line":93},"7":{"loc":{"start":{"line":96,"column":9},"end":{"line":107,"column":5}},"type":"if","locations":[{"start":{"line":96,"column":9},"end":{"line":107,"column":5}},{"start":{"line":96,"column":9},"end":{"line":107,"column":5}}],"line":96},"8":{"loc":{"start":{"line":99,"column":9},"end":{"line":107,"column":5}},"type":"if","locations":[{"start":{"line":99,"column":9},"end":{"line":107,"column":5}},{"start":{"line":99,"column":9},"end":{"line":107,"column":5}}],"line":99},"9":{"loc":{"start":{"line":102,"column":9},"end":{"line":107,"column":5}},"type":"if","locations":[{"start":{"line":102,"column":9},"end":{"line":107,"column":5}},{"start":{"line":102,"column":9},"end":{"line":107,"column":5}}],"line":102},"10":{"loc":{"start":{"line":111,"column":4},"end":{"line":111,"column":53}},"type":"binary-expr","locations":[{"start":{"line":111,"column":4},"end":{"line":111,"column":22}},{"start":{"line":111,"column":26},"end":{"line":111,"column":53}}],"line":111}},"s":{"0":3,"1":0,"2":3,"3":0,"4":0,"5":0,"6":0,"7":3,"8":0,"9":3,"10":0,"11":0,"12":3,"13":3,"14":3,"15":3,"16":0,"17":0,"18":6,"19":6,"20":3,"21":0,"22":3,"23":3,"24":3,"25":3,"26":0,"27":3,"28":0,"29":3,"30":0,"31":3,"32":0,"33":3,"34":0,"35":3,"36":0,"37":0,"38":3,"39":3,"40":3,"41":3,"42":3,"43":0,"44":0,"45":2},"f":{"0":3,"1":0,"2":0,"3":0,"4":3,"5":0,"6":0,"7":0,"8":0,"9":0,"10":6,"11":3,"12":0,"13":3,"14":0,"15":0},"b":{"0":[0,0],"1":[0,0,0],"2":[3,3],"3":[0,3],"4":[3,0],"5":[3,0],"6":[0,3],"7":[0,3],"8":[0,3],"9":[0,3],"10":[0,0]},"_coverageSchema":"332fd63041d2c1bcb487cc26dd0d5f7d97098a6c","hash":"69a3dd6d508b177b3d72816127bd1a5d4a9c1c1f"}
,"/Users/mariussd/dev/webutvikling/3/it2810-webutvikling-h18-prosjekt-3-13/components/todo/InputBox.js": {"path":"/Users/mariussd/dev/webutvikling/3/it2810-webutvikling-h18-prosjekt-3-13/components/todo/InputBox.js","statementMap":{"0":{"start":{"line":9,"column":8},"end":{"line":9,"column":21}},"1":{"start":{"line":13,"column":8},"end":{"line":15,"column":11}},"2":{"start":{"line":19,"column":20},"end":{"line":19,"column":42}},"3":{"start":{"line":20,"column":8},"end":{"line":22,"column":11}},"4":{"start":{"line":26,"column":8},"end":{"line":32,"column":9}},"5":{"start":{"line":27,"column":25},"end":{"line":27,"column":44}},"6":{"start":{"line":28,"column":12},"end":{"line":30,"column":15}},"7":{"start":{"line":31,"column":12},"end":{"line":31,"column":35}},"8":{"start":{"line":36,"column":8},"end":{"line":36,"column":41}},"9":{"start":{"line":37,"column":8},"end":{"line":60,"column":10}},"10":{"start":{"line":64,"column":0},"end":{"line":64,"column":26}}},"fnMap":{"0":{"name":"(anonymous_0)","decl":{"start":{"line":8,"column":4},"end":{"line":8,"column":5}},"loc":{"start":{"line":8,"column":23},"end":{"line":10,"column":5}},"line":8},"1":{"name":"(anonymous_1)","decl":{"start":{"line":12,"column":4},"end":{"line":12,"column":5}},"loc":{"start":{"line":12,"column":25},"end":{"line":16,"column":5}},"line":12},"2":{"name":"(anonymous_2)","decl":{"start":{"line":18,"column":15},"end":{"line":18,"column":16}},"loc":{"start":{"line":18,"column":26},"end":{"line":23,"column":5}},"line":18},"3":{"name":"(anonymous_3)","decl":{"start":{"line":25,"column":17},"end":{"line":25,"column":18}},"loc":{"start":{"line":25,"column":23},"end":{"line":33,"column":5}},"line":25},"4":{"name":"(anonymous_4)","decl":{"start":{"line":35,"column":4},"end":{"line":35,"column":5}},"loc":{"start":{"line":35,"column":13},"end":{"line":61,"column":5}},"line":35}},"branchMap":{"0":{"loc":{"start":{"line":26,"column":8},"end":{"line":32,"column":9}},"type":"if","locations":[{"start":{"line":26,"column":8},"end":{"line":32,"column":9}},{"start":{"line":26,"column":8},"end":{"line":32,"column":9}}],"line":26},"1":{"loc":{"start":{"line":49,"column":27},"end":{"line":49,"column":71}},"type":"cond-expr","locations":[{"start":{"line":49,"column":49},"end":{"line":49,"column":51}},{"start":{"line":49,"column":54},"end":{"line":49,"column":71}}],"line":49}},"s":{"0":1,"1":1,"2":0,"3":0,"4":0,"5":0,"6":0,"7":0,"8":1,"9":1,"10":2},"f":{"0":1,"1":1,"2":0,"3":0,"4":1},"b":{"0":[0,0],"1":[0,1]},"_coverageSchema":"332fd63041d2c1bcb487cc26dd0d5f7d97098a6c","hash":"83f4e83405586fb0823099d71f82454b32652eef"}
,"/Users/mariussd/dev/webutvikling/3/it2810-webutvikling-h18-prosjekt-3-13/components/todo/ListObject.js": {"path":"/Users/mariussd/dev/webutvikling/3/it2810-webutvikling-h18-prosjekt-3-13/components/todo/ListObject.js","statementMap":{"0":{"start":{"line":8,"column":8},"end":{"line":8,"column":21}},"1":{"start":{"line":12,"column":8},"end":{"line":12,"column":49}},"2":{"start":{"line":16,"column":8},"end":{"line":16,"column":49}},"3":{"start":{"line":20,"column":8},"end":{"line":20,"column":25}},"4":{"start":{"line":24,"column":8},"end":{"line":52,"column":10}},"5":{"start":{"line":38,"column":51},"end":{"line":38,"column":72}},"6":{"start":{"line":47,"column":51},"end":{"line":47,"column":80}},"7":{"start":{"line":56,"column":0},"end":{"line":56,"column":28}}},"fnMap":{"0":{"name":"(anonymous_0)","decl":{"start":{"line":7,"column":4},"end":{"line":7,"column":5}},"loc":{"start":{"line":7,"column":23},"end":{"line":9,"column":5}},"line":7},"1":{"name":"(anonymous_1)","decl":{"start":{"line":11,"column":22},"end":{"line":11,"column":23}},"loc":{"start":{"line":11,"column":28},"end":{"line":13,"column":5}},"line":11},"2":{"name":"(anonymous_2)","decl":{"start":{"line":15,"column":20},"end":{"line":15,"column":21}},"loc":{"start":{"line":15,"column":26},"end":{"line":17,"column":5}},"line":15},"3":{"name":"(anonymous_3)","decl":{"start":{"line":19,"column":11},"end":{"line":19,"column":12}},"loc":{"start":{"line":19,"column":17},"end":{"line":21,"column":5}},"line":19},"4":{"name":"(anonymous_4)","decl":{"start":{"line":23,"column":4},"end":{"line":23,"column":5}},"loc":{"start":{"line":23,"column":13},"end":{"line":53,"column":5}},"line":23},"5":{"name":"(anonymous_5)","decl":{"start":{"line":38,"column":45},"end":{"line":38,"column":46}},"loc":{"start":{"line":38,"column":51},"end":{"line":38,"column":72}},"line":38},"6":{"name":"(anonymous_6)","decl":{"start":{"line":47,"column":45},"end":{"line":47,"column":46}},"loc":{"start":{"line":47,"column":51},"end":{"line":47,"column":80}},"line":47}},"branchMap":{"0":{"loc":{"start":{"line":29,"column":45},"end":{"line":29,"column":216}},"type":"cond-expr","locations":[{"start":{"line":29,"column":73},"end":{"line":29,"column":176}},{"start":{"line":29,"column":179},"end":{"line":29,"column":216}}],"line":29},"1":{"loc":{"start":{"line":44,"column":38},"end":{"line":44,"column":114}},"type":"cond-expr","locations":[{"start":{"line":44,"column":66},"end":{"line":44,"column":80}},{"start":{"line":44,"column":83},"end":{"line":44,"column":114}}],"line":44}},"s":{"0":4,"1":0,"2":0,"3":0,"4":4,"5":0,"6":0,"7":2},"f":{"0":4,"1":0,"2":0,"3":0,"4":4,"5":0,"6":0},"b":{"0":[0,4],"1":[0,4]},"_coverageSchema":"332fd63041d2c1bcb487cc26dd0d5f7d97098a6c","hash":"abfa5e74e3b90cdbe45873c4d250861a57651cd0"}
,"/Users/mariussd/dev/webutvikling/3/it2810-webutvikling-h18-prosjekt-3-13/components/todo/PartList.js": {"path":"/Users/mariussd/dev/webutvikling/3/it2810-webutvikling-h18-prosjekt-3-13/components/todo/PartList.js","statementMap":{"0":{"start":{"line":8,"column":8},"end":{"line":8,"column":21}},"1":{"start":{"line":12,"column":8},"end":{"line":12,"column":38}},"2":{"start":{"line":16,"column":8},"end":{"line":16,"column":38}},"3":{"start":{"line":20,"column":8},"end":{"line":28,"column":10}},"4":{"start":{"line":23,"column":16},"end":{"line":24,"column":19}},"5":{"start":{"line":32,"column":0},"end":{"line":32,"column":26}}},"fnMap":{"0":{"name":"(anonymous_0)","decl":{"start":{"line":7,"column":4},"end":{"line":7,"column":5}},"loc":{"start":{"line":7,"column":23},"end":{"line":9,"column":5}},"line":7},"1":{"name":"(anonymous_1)","decl":{"start":{"line":11,"column":22},"end":{"line":11,"column":23}},"loc":{"start":{"line":11,"column":32},"end":{"line":13,"column":5}},"line":11},"2":{"name":"(anonymous_2)","decl":{"start":{"line":15,"column":20},"end":{"line":15,"column":21}},"loc":{"start":{"line":15,"column":30},"end":{"line":17,"column":5}},"line":15},"3":{"name":"(anonymous_3)","decl":{"start":{"line":19,"column":4},"end":{"line":19,"column":5}},"loc":{"start":{"line":19,"column":13},"end":{"line":29,"column":5}},"line":19},"4":{"name":"(anonymous_4)","decl":{"start":{"line":22,"column":33},"end":{"line":22,"column":34}},"loc":{"start":{"line":23,"column":16},"end":{"line":24,"column":19}},"line":23}},"branchMap":{},"s":{"0":2,"1":0,"2":0,"3":2,"4":4,"5":2},"f":{"0":2,"1":0,"2":0,"3":2,"4":4},"b":{},"_coverageSchema":"332fd63041d2c1bcb487cc26dd0d5f7d97098a6c","hash":"d6ae335c36aec1f6e23d431544b4349b31c28d74"}
,"/Users/mariussd/dev/webutvikling/3/it2810-webutvikling-h18-prosjekt-3-13/components/todo/TodoApp.js": {"path":"/Users/mariussd/dev/webutvikling/3/it2810-webutvikling-h18-prosjekt-3-13/components/todo/TodoApp.js","statementMap":{"0":{"start":{"line":13,"column":4},"end":{"line":13,"column":17}},"1":{"start":{"line":15,"column":19},"end":{"line":15,"column":21}},"2":{"start":{"line":17,"column":4},"end":{"line":21,"column":5}},"3":{"start":{"line":18,"column":6},"end":{"line":20,"column":7}},"4":{"start":{"line":19,"column":8},"end":{"line":19,"column":54}},"5":{"start":{"line":23,"column":4},"end":{"line":25,"column":6}},"6":{"start":{"line":29,"column":20},"end":{"line":29,"column":47}},"7":{"start":{"line":30,"column":4},"end":{"line":30,"column":45}},"8":{"start":{"line":31,"column":4},"end":{"line":33,"column":7}},"9":{"start":{"line":37,"column":20},"end":{"line":37,"column":47}},"10":{"start":{"line":38,"column":22},"end":{"line":38,"column":43}},"11":{"start":{"line":39,"column":4},"end":{"line":39,"column":33}},"12":{"start":{"line":40,"column":4},"end":{"line":42,"column":7}},"13":{"start":{"line":46,"column":20},"end":{"line":46,"column":47}},"14":{"start":{"line":47,"column":22},"end":{"line":47,"column":43}},"15":{"start":{"line":48,"column":18},"end":{"line":48,"column":22}},"16":{"start":{"line":49,"column":4},"end":{"line":49,"column":43}},"17":{"start":{"line":50,"column":4},"end":{"line":50,"column":42}},"18":{"start":{"line":51,"column":4},"end":{"line":53,"column":7}},"19":{"start":{"line":57,"column":4},"end":{"line":57,"column":30}},"20":{"start":{"line":61,"column":4},"end":{"line":61,"column":31}},"21":{"start":{"line":65,"column":4},"end":{"line":65,"column":27}},"22":{"start":{"line":69,"column":4},"end":{"line":69,"column":51}},"23":{"start":{"line":70,"column":22},"end":{"line":70,"column":72}},"24":{"start":{"line":70,"column":57},"end":{"line":70,"column":71}},"25":{"start":{"line":71,"column":25},"end":{"line":71,"column":76}},"26":{"start":{"line":71,"column":60},"end":{"line":71,"column":75}},"27":{"start":{"line":73,"column":4},"end":{"line":102,"column":6}},"28":{"start":{"line":74,"column":6},"end":{"line":101,"column":7}},"29":{"start":{"line":75,"column":8},"end":{"line":90,"column":10}},"30":{"start":{"line":92,"column":8},"end":{"line":100,"column":10}},"31":{"start":{"line":103,"column":4},"end":{"line":114,"column":6}},"32":{"start":{"line":118,"column":0},"end":{"line":118,"column":25}}},"fnMap":{"0":{"name":"(anonymous_0)","decl":{"start":{"line":12,"column":2},"end":{"line":12,"column":3}},"loc":{"start":{"line":12,"column":21},"end":{"line":26,"column":3}},"line":12},"1":{"name":"(anonymous_1)","decl":{"start":{"line":28,"column":16},"end":{"line":28,"column":17}},"loc":{"start":{"line":28,"column":24},"end":{"line":34,"column":3}},"line":28},"2":{"name":"(anonymous_2)","decl":{"start":{"line":36,"column":19},"end":{"line":36,"column":20}},"loc":{"start":{"line":36,"column":27},"end":{"line":43,"column":3}},"line":36},"3":{"name":"(anonymous_3)","decl":{"start":{"line":45,"column":20},"end":{"line":45,"column":21}},"loc":{"start":{"line":45,"column":28},"end":{"line":54,"column":3}},"line":45},"4":{"name":"(anonymous_4)","decl":{"start":{"line":56,"column":17},"end":{"line":56,"column":18}},"loc":{"start":{"line":56,"column":25},"end":{"line":58,"column":3}},"line":56},"5":{"name":"(anonymous_5)","decl":{"start":{"line":60,"column":17},"end":{"line":60,"column":18}},"loc":{"start":{"line":60,"column":25},"end":{"line":62,"column":3}},"line":60},"6":{"name":"(anonymous_6)","decl":{"start":{"line":64,"column":14},"end":{"line":64,"column":15}},"loc":{"start":{"line":64,"column":22},"end":{"line":66,"column":3}},"line":64},"7":{"name":"(anonymous_7)","decl":{"start":{"line":68,"column":2},"end":{"line":68,"column":3}},"loc":{"start":{"line":68,"column":11},"end":{"line":115,"column":3}},"line":68},"8":{"name":"(anonymous_8)","decl":{"start":{"line":70,"column":49},"end":{"line":70,"column":50}},"loc":{"start":{"line":70,"column":57},"end":{"line":70,"column":71}},"line":70},"9":{"name":"(anonymous_9)","decl":{"start":{"line":71,"column":52},"end":{"line":71,"column":53}},"loc":{"start":{"line":71,"column":60},"end":{"line":71,"column":75}},"line":71},"10":{"name":"(anonymous_10)","decl":{"start":{"line":73,"column":18},"end":{"line":73,"column":19}},"loc":{"start":{"line":73,"column":24},"end":{"line":102,"column":5}},"line":73}},"branchMap":{"0":{"loc":{"start":{"line":17,"column":4},"end":{"line":21,"column":5}},"type":"if","locations":[{"start":{"line":17,"column":4},"end":{"line":21,"column":5}},{"start":{"line":17,"column":4},"end":{"line":21,"column":5}}],"line":17},"1":{"loc":{"start":{"line":74,"column":6},"end":{"line":101,"column":7}},"type":"if","locations":[{"start":{"line":74,"column":6},"end":{"line":101,"column":7}},{"start":{"line":74,"column":6},"end":{"line":101,"column":7}}],"line":74}},"s":{"0":1,"1":1,"2":1,"3":1,"4":4,"5":1,"6":0,"7":0,"8":0,"9":0,"10":0,"11":0,"12":0,"13":0,"14":0,"15":0,"16":0,"17":0,"18":0,"19":0,"20":0,"21":0,"22":1,"23":1,"24":4,"25":1,"26":4,"27":1,"28":1,"29":1,"30":0,"31":1,"32":2},"f":{"0":1,"1":0,"2":0,"3":0,"4":0,"5":0,"6":0,"7":1,"8":4,"9":4,"10":1},"b":{"0":[1,0],"1":[1,0]},"_coverageSchema":"332fd63041d2c1bcb487cc26dd0d5f7d97098a6c","hash":"73ee173f39ccac18b6e4f993993d15cfde3acd32"}
,"/Users/mariussd/dev/webutvikling/3/it2810-webutvikling-h18-prosjekt-3-13/components/todo/TodoModel.js": {"path":"/Users/mariussd/dev/webutvikling/3/it2810-webutvikling-h18-prosjekt-3-13/components/todo/TodoModel.js","statementMap":{"0":{"start":{"line":3,"column":8},"end":{"line":3,"column":25}},"1":{"start":{"line":4,"column":8},"end":{"line":4,"column":44}},"2":{"start":{"line":5,"column":8},"end":{"line":5,"column":45}},"3":{"start":{"line":9,"column":0},"end":{"line":9,"column":27}}},"fnMap":{"0":{"name":"(anonymous_0)","decl":{"start":{"line":2,"column":4},"end":{"line":2,"column":5}},"loc":{"start":{"line":2,"column":56},"end":{"line":6,"column":5}},"line":2}},"branchMap":{"0":{"loc":{"start":{"line":2,"column":33},"end":{"line":2,"column":55}},"type":"default-arg","locations":[{"start":{"line":2,"column":45},"end":{"line":2,"column":55}}],"line":2},"1":{"loc":{"start":{"line":4,"column":25},"end":{"line":4,"column":43}},"type":"binary-expr","locations":[{"start":{"line":4,"column":25},"end":{"line":4,"column":34}},{"start":{"line":4,"column":38},"end":{"line":4,"column":43}}],"line":4}},"s":{"0":4,"1":4,"2":4,"3":2},"f":{"0":4},"b":{"0":[4],"1":[4,4]},"_coverageSchema":"332fd63041d2c1bcb487cc26dd0d5f7d97098a6c","hash":"7cdcfbb52d764bd00b1cdf7b2bb462da25155161"}
,"/Users/mariussd/dev/webutvikling/3/it2810-webutvikling-h18-prosjekt-3-13/screens/HomeScreen.js": {"path":"/Users/mariussd/dev/webutvikling/3/it2810-webutvikling-h18-prosjekt-3-13/screens/HomeScreen.js","statementMap":{"0":{"start":{"line":14,"column":4},"end":{"line":14,"column":17}},"1":{"start":{"line":22,"column":4},"end":{"line":22,"column":40}},"2":{"start":{"line":23,"column":40},"end":{"line":23,"column":50}},"3":{"start":{"line":24,"column":4},"end":{"line":38,"column":6}}},"fnMap":{"0":{"name":"(anonymous_0)","decl":{"start":{"line":13,"column":2},"end":{"line":13,"column":3}},"loc":{"start":{"line":13,"column":21},"end":{"line":15,"column":3}},"line":13},"1":{"name":"(anonymous_1)","decl":{"start":{"line":21,"column":2},"end":{"line":21,"column":3}},"loc":{"start":{"line":21,"column":11},"end":{"line":39,"column":3}},"line":21}},"branchMap":{},"s":{"0":3,"1":3,"2":3,"3":3},"f":{"0":3,"1":3},"b":{},"_coverageSchema":"332fd63041d2c1bcb487cc26dd0d5f7d97098a6c","hash":"136efb4367bd9e90d3a120bbd7b29534f9fbbfca"}
,"/Users/mariussd/dev/webutvikling/3/it2810-webutvikling-h18-prosjekt-3-13/screens/SettingsScreen.js": {"path":"/Users/mariussd/dev/webutvikling/3/it2810-webutvikling-h18-prosjekt-3-13/screens/SettingsScreen.js","statementMap":{"0":{"start":{"line":18,"column":29},"end":{"line":18,"column":69}},"1":{"start":{"line":19,"column":4},"end":{"line":19,"column":35}},"2":{"start":{"line":20,"column":4},"end":{"line":20,"column":34}},"3":{"start":{"line":24,"column":29},"end":{"line":24,"column":69}},"4":{"start":{"line":25,"column":4},"end":{"line":25,"column":37}},"5":{"start":{"line":26,"column":4},"end":{"line":26,"column":36}},"6":{"start":{"line":30,"column":26},"end":{"line":30,"column":36}},"7":{"start":{"line":31,"column":4},"end":{"line":38,"column":6}}},"fnMap":{"0":{"name":"(anonymous_0)","decl":{"start":{"line":17,"column":24},"end":{"line":17,"column":25}},"loc":{"start":{"line":17,"column":30},"end":{"line":21,"column":3}},"line":17},"1":{"name":"(anonymous_1)","decl":{"start":{"line":23,"column":24},"end":{"line":23,"column":25}},"loc":{"start":{"line":23,"column":30},"end":{"line":27,"column":3}},"line":23},"2":{"name":"(anonymous_2)","decl":{"start":{"line":29,"column":2},"end":{"line":29,"column":3}},"loc":{"start":{"line":29,"column":10},"end":{"line":39,"column":3}},"line":29}},"branchMap":{},"s":{"0":0,"1":0,"2":0,"3":0,"4":0,"5":0,"6":0,"7":0},"f":{"0":0,"1":0,"2":0},"b":{},"_coverageSchema":"332fd63041d2c1bcb487cc26dd0d5f7d97098a6c","hash":"c95442deadc644ca71625e49450cb008801152c8"}
,"/Users/mariussd/dev/webutvikling/3/it2810-webutvikling-h18-prosjekt-3-13/screens/TodoScreen.js": {"path":"/Users/mariussd/dev/webutvikling/3/it2810-webutvikling-h18-prosjekt-3-13/screens/TodoScreen.js","statementMap":{"0":{"start":{"line":14,"column":4},"end":{"line":18,"column":6}}},"fnMap":{"0":{"name":"(anonymous_0)","decl":{"start":{"line":13,"column":2},"end":{"line":13,"column":3}},"loc":{"start":{"line":13,"column":11},"end":{"line":19,"column":3}},"line":13}},"branchMap":{},"s":{"0":0},"f":{"0":0},"b":{},"_coverageSchema":"332fd63041d2c1bcb487cc26dd0d5f7d97098a6c","hash":"776bfc97ba595e54e387d2e76c3cd3732d8ef4f6"}
,"/Users/mariussd/dev/webutvikling/3/it2810-webutvikling-h18-prosjekt-3-13/screens/index.js": {"path":"/Users/mariussd/dev/webutvikling/3/it2810-webutvikling-h18-prosjekt-3-13/screens/index.js","statementMap":{},"fnMap":{},"branchMap":{},"s":{},"f":{},"b":{},"_coverageSchema":"332fd63041d2c1bcb487cc26dd0d5f7d97098a6c","hash":"cb1fdea17a37c34cc8c1f2ad5af43b1ee1349010"}
,"/Users/mariussd/dev/webutvikling/3/it2810-webutvikling-h18-prosjekt-3-13/screens/styles.js": {"path":"/Users/mariussd/dev/webutvikling/3/it2810-webutvikling-h18-prosjekt-3-13/screens/styles.js","statementMap":{"0":{"start":{"line":4,"column":22},"end":{"line":81,"column":2}},"1":{"start":{"line":4,"column":33},"end":{"line":81,"column":2}}},"fnMap":{"0":{"name":"(anonymous_0)","decl":{"start":{"line":4,"column":22},"end":{"line":4,"column":23}},"loc":{"start":{"line":4,"column":33},"end":{"line":81,"column":2}},"line":4}},"branchMap":{},"s":{"0":2,"1":37},"f":{"0":37},"b":{},"_coverageSchema":"332fd63041d2c1bcb487cc26dd0d5f7d97098a6c","hash":"8fa5f16dc87e2218d32ca4a65f5a9080127c123e"}
,"/Users/mariussd/dev/webutvikling/3/it2810-webutvikling-h18-prosjekt-3-13/utils/localstorage.js": {"path":"/Users/mariussd/dev/webutvikling/3/it2810-webutvikling-h18-prosjekt-3-13/utils/localstorage.js","statementMap":{"0":{"start":{"line":4,"column":2},"end":{"line":10,"column":3}},"1":{"start":{"line":5,"column":4},"end":{"line":5,"column":52}},"2":{"start":{"line":6,"column":4},"end":{"line":6,"column":46}},"3":{"start":{"line":8,"column":4},"end":{"line":8,"column":56}},"4":{"start":{"line":9,"column":4},"end":{"line":9,"column":23}},"5":{"start":{"line":13,"column":24},"end":{"line":24,"column":1}},"6":{"start":{"line":15,"column":2},"end":{"line":21,"column":3}},"7":{"start":{"line":16,"column":15},"end":{"line":16,"column":46}},"8":{"start":{"line":17,"column":4},"end":{"line":17,"column":34}},"9":{"start":{"line":19,"column":4},"end":{"line":19,"column":59}},"10":{"start":{"line":20,"column":4},"end":{"line":20,"column":23}},"11":{"start":{"line":22,"column":2},"end":{"line":22,"column":46}},"12":{"start":{"line":23,"column":2},"end":{"line":23,"column":20}}},"fnMap":{"0":{"name":"saveData","decl":{"start":{"line":3,"column":24},"end":{"line":3,"column":32}},"loc":{"start":{"line":3,"column":44},"end":{"line":11,"column":1}},"line":3},"1":{"name":"(anonymous_1)","decl":{"start":{"line":13,"column":24},"end":{"line":13,"column":25}},"loc":{"start":{"line":13,"column":37},"end":{"line":24,"column":1}},"line":13}},"branchMap":{},"s":{"0":0,"1":0,"2":0,"3":0,"4":0,"5":2,"6":9,"7":9,"8":0,"9":0,"10":0,"11":0,"12":0},"f":{"0":0,"1":9},"b":{},"_coverageSchema":"332fd63041d2c1bcb487cc26dd0d5f7d97098a6c","hash":"a7340a52786d1f5bbc50363fe6ad69248bae3f87"}
}
