{"/Users/mariussd/dev/webutvikling/3/it2810-webutvikling-h18-prosjekt-3-13/App.js": {"path":"/Users/mariussd/dev/webutvikling/3/it2810-webutvikling-h18-prosjekt-3-13/App.js","statementMap":{"0":{"start":{"line":11,"column":23},"end":{"line":11,"column":29}},"1":{"start":{"line":15,"column":4},"end":{"line":15,"column":17}},"2":{"start":{"line":17,"column":4},"end":{"line":23,"column":6}},"3":{"start":{"line":29,"column":4},"end":{"line":32,"column":7}},"4":{"start":{"line":33,"column":4},"end":{"line":45,"column":5}},"5":{"start":{"line":34,"column":6},"end":{"line":38,"column":9}},"6":{"start":{"line":39,"column":11},"end":{"line":45,"column":5}},"7":{"start":{"line":40,"column":6},"end":{"line":44,"column":9}},"8":{"start":{"line":50,"column":4},"end":{"line":50,"column":69}},"9":{"start":{"line":50,"column":37},"end":{"line":50,"column":67}},"10":{"start":{"line":55,"column":4},"end":{"line":55,"column":69}},"11":{"start":{"line":55,"column":37},"end":{"line":55,"column":67}},"12":{"start":{"line":60,"column":24},"end":{"line":66,"column":5}},"13":{"start":{"line":68,"column":4},"end":{"line":68,"column":51}},"14":{"start":{"line":73,"column":25},"end":{"line":90,"column":1}}},"fnMap":{"0":{"name":"(anonymous_0)","decl":{"start":{"line":14,"column":2},"end":{"line":14,"column":3}},"loc":{"start":{"line":14,"column":21},"end":{"line":24,"column":3}},"line":14},"1":{"name":"(anonymous_1)","decl":{"start":{"line":28,"column":22},"end":{"line":28,"column":23}},"loc":{"start":{"line":28,"column":31},"end":{"line":46,"column":3}},"line":28},"2":{"name":"(anonymous_2)","decl":{"start":{"line":49,"column":15},"end":{"line":49,"column":16}},"loc":{"start":{"line":49,"column":21},"end":{"line":51,"column":3}},"line":49},"3":{"name":"(anonymous_3)","decl":{"start":{"line":50,"column":27},"end":{"line":50,"column":28}},"loc":{"start":{"line":50,"column":37},"end":{"line":50,"column":67}},"line":50},"4":{"name":"(anonymous_4)","decl":{"start":{"line":54,"column":2},"end":{"line":54,"column":3}},"loc":{"start":{"line":54,"column":21},"end":{"line":56,"column":3}},"line":54},"5":{"name":"(anonymous_5)","decl":{"start":{"line":55,"column":27},"end":{"line":55,"column":28}},"loc":{"start":{"line":55,"column":37},"end":{"line":55,"column":67}},"line":55},"6":{"name":"(anonymous_6)","decl":{"start":{"line":58,"column":2},"end":{"line":58,"column":3}},"loc":{"start":{"line":58,"column":11},"end":{"line":69,"column":3}},"line":58}},"branchMap":{"0":{"loc":{"start":{"line":33,"column":4},"end":{"line":45,"column":5}},"type":"if","locations":[{"start":{"line":33,"column":4},"end":{"line":45,"column":5}},{"start":{"line":33,"column":4},"end":{"line":45,"column":5}}],"line":33},"1":{"loc":{"start":{"line":39,"column":11},"end":{"line":45,"column":5}},"type":"if","locations":[{"start":{"line":39,"column":11},"end":{"line":45,"column":5}},{"start":{"line":39,"column":11},"end":{"line":45,"column":5}}],"line":39}},"s":{"0":3,"1":3,"2":3,"3":0,"4":0,"5":0,"6":0,"7":0,"8":0,"9":0,"10":3,"11":0,"12":3,"13":3,"14":3},"f":{"0":3,"1":0,"2":0,"3":0,"4":3,"5":0,"6":3},"b":{"0":[0,0],"1":[0,0]},"_coverageSchema":"332fd63041d2c1bcb487cc26dd0d5f7d97098a6c","hash":"f6a1ac7e273b48446c48ad122068379a53b1d6c3"}
,"/Users/mariussd/dev/webutvikling/3/it2810-webutvikling-h18-prosjekt-3-13/__test__/sum.js": {"path":"/Users/mariussd/dev/webutvikling/3/it2810-webutvikling-h18-prosjekt-3-13/__test__/sum.js","statementMap":{"0":{"start":{"line":2,"column":2},"end":{"line":2,"column":15}},"1":{"start":{"line":4,"column":0},"end":{"line":4,"column":21}}},"fnMap":{"0":{"name":"sum","decl":{"start":{"line":1,"column":9},"end":{"line":1,"column":12}},"loc":{"start":{"line":1,"column":19},"end":{"line":3,"column":1}},"line":1}},"branchMap":{},"s":{"0":1,"1":1},"f":{"0":1},"b":{},"_coverageSchema":"332fd63041d2c1bcb487cc26dd0d5f7d97098a6c","hash":"2dbe6a08f8d718b702698a3475412accbfce43b9"}
,"/Users/mariussd/dev/webutvikling/3/it2810-webutvikling-h18-prosjekt-3-13/components/DailyGoal.js": {"path":"/Users/mariussd/dev/webutvikling/3/it2810-webutvikling-h18-prosjekt-3-13/components/DailyGoal.js","statementMap":{"0":{"start":{"line":6,"column":4},"end":{"line":10,"column":6}}},"fnMap":{"0":{"name":"(anonymous_0)","decl":{"start":{"line":5,"column":2},"end":{"line":5,"column":3}},"loc":{"start":{"line":5,"column":11},"end":{"line":11,"column":3}},"line":5}},"branchMap":{},"s":{"0":1},"f":{"0":1},"b":{},"_coverageSchema":"332fd63041d2c1bcb487cc26dd0d5f7d97098a6c","hash":"f1b77f09c8be7c7d4fb2e9515848e037eba91457"}
,"/Users/mariussd/dev/webutvikling/3/it2810-webutvikling-h18-prosjekt-3-13/components/DailyGoalContainer.js": {"path":"/Users/mariussd/dev/webutvikling/3/it2810-webutvikling-h18-prosjekt-3-13/components/DailyGoalContainer.js","statementMap":{"0":{"start":{"line":8,"column":13},"end":{"line":8,"column":40}},"1":{"start":{"line":12,"column":4},"end":{"line":12,"column":17}},"2":{"start":{"line":14,"column":4},"end":{"line":14,"column":45}},"3":{"start":{"line":18,"column":20},"end":{"line":18,"column":41}},"4":{"start":{"line":19,"column":23},"end":{"line":19,"column":28}},"5":{"start":{"line":21,"column":4},"end":{"line":25,"column":7}},"6":{"start":{"line":22,"column":6},"end":{"line":24,"column":7}},"7":{"start":{"line":23,"column":8},"end":{"line":23,"column":28}},"8":{"start":{"line":27,"column":4},"end":{"line":31,"column":5}},"9":{"start":{"line":28,"column":6},"end":{"line":28,"column":33}},"10":{"start":{"line":30,"column":6},"end":{"line":30,"column":53}},"11":{"start":{"line":33,"column":4},"end":{"line":33,"column":71}},"12":{"start":{"line":34,"column":4},"end":{"line":34,"column":33}},"13":{"start":{"line":38,"column":4},"end":{"line":40,"column":5}},"14":{"start":{"line":39,"column":6},"end":{"line":39,"column":26}},"15":{"start":{"line":44,"column":4},"end":{"line":61,"column":5}},"16":{"start":{"line":45,"column":6},"end":{"line":49,"column":8}},"17":{"start":{"line":51,"column":6},"end":{"line":60,"column":8}},"18":{"start":{"line":65,"column":4},"end":{"line":65,"column":73}},"19":{"start":{"line":65,"column":50},"end":{"line":65,"column":71}},"20":{"start":{"line":69,"column":4},"end":{"line":69,"column":47}},"21":{"start":{"line":73,"column":4},"end":{"line":85,"column":6}}},"fnMap":{"0":{"name":"(anonymous_0)","decl":{"start":{"line":11,"column":2},"end":{"line":11,"column":3}},"loc":{"start":{"line":11,"column":21},"end":{"line":15,"column":3}},"line":11},"1":{"name":"(anonymous_1)","decl":{"start":{"line":17,"column":15},"end":{"line":17,"column":16}},"loc":{"start":{"line":17,"column":29},"end":{"line":35,"column":3}},"line":17},"2":{"name":"(anonymous_2)","decl":{"start":{"line":21,"column":22},"end":{"line":21,"column":23}},"loc":{"start":{"line":21,"column":30},"end":{"line":25,"column":5}},"line":21},"3":{"name":"(anonymous_3)","decl":{"start":{"line":37,"column":15},"end":{"line":37,"column":16}},"loc":{"start":{"line":37,"column":21},"end":{"line":41,"column":3}},"line":37},"4":{"name":"(anonymous_4)","decl":{"start":{"line":43,"column":23},"end":{"line":43,"column":24}},"loc":{"start":{"line":43,"column":29},"end":{"line":62,"column":3}},"line":43},"5":{"name":"(anonymous_5)","decl":{"start":{"line":64,"column":2},"end":{"line":64,"column":3}},"loc":{"start":{"line":64,"column":22},"end":{"line":66,"column":3}},"line":64},"6":{"name":"(anonymous_6)","decl":{"start":{"line":65,"column":40},"end":{"line":65,"column":41}},"loc":{"start":{"line":65,"column":50},"end":{"line":65,"column":71}},"line":65},"7":{"name":"(anonymous_7)","decl":{"start":{"line":68,"column":2},"end":{"line":68,"column":3}},"loc":{"start":{"line":68,"column":23},"end":{"line":70,"column":3}},"line":68},"8":{"name":"(anonymous_8)","decl":{"start":{"line":72,"column":2},"end":{"line":72,"column":3}},"loc":{"start":{"line":72,"column":11},"end":{"line":86,"column":3}},"line":72}},"branchMap":{"0":{"loc":{"start":{"line":22,"column":6},"end":{"line":24,"column":7}},"type":"if","locations":[{"start":{"line":22,"column":6},"end":{"line":24,"column":7}},{"start":{"line":22,"column":6},"end":{"line":24,"column":7}}],"line":22},"1":{"loc":{"start":{"line":27,"column":4},"end":{"line":31,"column":5}},"type":"if","locations":[{"start":{"line":27,"column":4},"end":{"line":31,"column":5}},{"start":{"line":27,"column":4},"end":{"line":31,"column":5}}],"line":27},"2":{"loc":{"start":{"line":38,"column":4},"end":{"line":40,"column":5}},"type":"if","locations":[{"start":{"line":38,"column":4},"end":{"line":40,"column":5}},{"start":{"line":38,"column":4},"end":{"line":40,"column":5}}],"line":38},"3":{"loc":{"start":{"line":44,"column":4},"end":{"line":61,"column":5}},"type":"if","locations":[{"start":{"line":44,"column":4},"end":{"line":61,"column":5}},{"start":{"line":44,"column":4},"end":{"line":61,"column":5}}],"line":44}},"s":{"0":3,"1":0,"2":0,"3":0,"4":0,"5":0,"6":0,"7":0,"8":0,"9":0,"10":0,"11":0,"12":0,"13":0,"14":0,"15":0,"16":0,"17":0,"18":0,"19":0,"20":0,"21":0},"f":{"0":0,"1":0,"2":0,"3":0,"4":0,"5":0,"6":0,"7":0,"8":0},"b":{"0":[0,0],"1":[0,0],"2":[0,0],"3":[0,0]},"_coverageSchema":"332fd63041d2c1bcb487cc26dd0d5f7d97098a6c","hash":"79b92df1c379a2b0943603d7c4b29667dd39ff0f"}
,"/Users/mariussd/dev/webutvikling/3/it2810-webutvikling-h18-prosjekt-3-13/components/DailyGoalForm.js": {"path":"/Users/mariussd/dev/webutvikling/3/it2810-webutvikling-h18-prosjekt-3-13/components/DailyGoalForm.js","statementMap":{"0":{"start":{"line":9,"column":4},"end":{"line":9,"column":17}},"1":{"start":{"line":10,"column":4},"end":{"line":10,"column":35}},"2":{"start":{"line":14,"column":4},"end":{"line":16,"column":5}},"3":{"start":{"line":15,"column":6},"end":{"line":15,"column":63}},"4":{"start":{"line":18,"column":4},"end":{"line":18,"column":27}},"5":{"start":{"line":22,"column":4},"end":{"line":22,"column":31}},"6":{"start":{"line":26,"column":4},"end":{"line":81,"column":6}},"7":{"start":{"line":39,"column":14},"end":{"line":39,"column":37}},"8":{"start":{"line":51,"column":34},"end":{"line":51,"column":68}}},"fnMap":{"0":{"name":"(anonymous_0)","decl":{"start":{"line":8,"column":2},"end":{"line":8,"column":3}},"loc":{"start":{"line":8,"column":21},"end":{"line":11,"column":3}},"line":8},"1":{"name":"(anonymous_1)","decl":{"start":{"line":13,"column":17},"end":{"line":13,"column":18}},"loc":{"start":{"line":13,"column":23},"end":{"line":19,"column":3}},"line":13},"2":{"name":"(anonymous_2)","decl":{"start":{"line":21,"column":15},"end":{"line":21,"column":16}},"loc":{"start":{"line":21,"column":21},"end":{"line":23,"column":3}},"line":21},"3":{"name":"(anonymous_3)","decl":{"start":{"line":25,"column":2},"end":{"line":25,"column":3}},"loc":{"start":{"line":25,"column":11},"end":{"line":82,"column":3}},"line":25},"4":{"name":"(anonymous_4)","decl":{"start":{"line":38,"column":17},"end":{"line":38,"column":18}},"loc":{"start":{"line":38,"column":26},"end":{"line":40,"column":13}},"line":38},"5":{"name":"(anonymous_5)","decl":{"start":{"line":51,"column":26},"end":{"line":51,"column":27}},"loc":{"start":{"line":51,"column":34},"end":{"line":51,"column":68}},"line":51}},"branchMap":{"0":{"loc":{"start":{"line":14,"column":4},"end":{"line":16,"column":5}},"type":"if","locations":[{"start":{"line":14,"column":4},"end":{"line":16,"column":5}},{"start":{"line":14,"column":4},"end":{"line":16,"column":5}}],"line":14}},"s":{"0":0,"1":0,"2":0,"3":0,"4":0,"5":0,"6":0,"7":0,"8":0},"f":{"0":0,"1":0,"2":0,"3":0,"4":0,"5":0},"b":{"0":[0,0]},"_coverageSchema":"332fd63041d2c1bcb487cc26dd0d5f7d97098a6c","hash":"ac0294fa2f9262c1677f355b9bcd74ea11ae1690"}
,"/Users/mariussd/dev/webutvikling/3/it2810-webutvikling-h18-prosjekt-3-13/components/Pedometer.js": {"path":"/Users/mariussd/dev/webutvikling/3/it2810-webutvikling-h18-prosjekt-3-13/components/Pedometer.js","statementMap":{"0":{"start":{"line":27,"column":4},"end":{"line":27,"column":77}},"1":{"start":{"line":27,"column":40},"end":{"line":27,"column":75}},"2":{"start":{"line":28,"column":4},"end":{"line":28,"column":22}},"3":{"start":{"line":32,"column":4},"end":{"line":32,"column":24}},"4":{"start":{"line":38,"column":4},"end":{"line":48,"column":5}},"5":{"start":{"line":43,"column":6},"end":{"line":45,"column":9}},"6":{"start":{"line":47,"column":6},"end":{"line":47,"column":49}},"7":{"start":{"line":49,"column":4},"end":{"line":51,"column":7}},"8":{"start":{"line":56,"column":4},"end":{"line":60,"column":7}},"9":{"start":{"line":57,"column":6},"end":{"line":59,"column":9}},"10":{"start":{"line":62,"column":4},"end":{"line":73,"column":6}},"11":{"start":{"line":64,"column":8},"end":{"line":66,"column":11}},"12":{"start":{"line":69,"column":8},"end":{"line":71,"column":11}},"13":{"start":{"line":76,"column":16},"end":{"line":76,"column":26}},"14":{"start":{"line":77,"column":18},"end":{"line":77,"column":28}},"15":{"start":{"line":78,"column":4},"end":{"line":78,"column":37}},"16":{"start":{"line":79,"column":4},"end":{"line":88,"column":6}},"17":{"start":{"line":81,"column":8},"end":{"line":81,"column":55}},"18":{"start":{"line":84,"column":8},"end":{"line":86,"column":11}},"19":{"start":{"line":93,"column":28},"end":{"line":93,"column":74}},"20":{"start":{"line":94,"column":4},"end":{"line":94,"column":45}},"21":{"start":{"line":99,"column":4},"end":{"line":109,"column":5}},"22":{"start":{"line":100,"column":6},"end":{"line":100,"column":23}},"23":{"start":{"line":101,"column":11},"end":{"line":109,"column":5}},"24":{"start":{"line":102,"column":6},"end":{"line":102,"column":23}},"25":{"start":{"line":103,"column":11},"end":{"line":109,"column":5}},"26":{"start":{"line":104,"column":6},"end":{"line":104,"column":23}},"27":{"start":{"line":105,"column":11},"end":{"line":109,"column":5}},"28":{"start":{"line":106,"column":6},"end":{"line":106,"column":23}},"29":{"start":{"line":108,"column":6},"end":{"line":108,"column":23}},"30":{"start":{"line":114,"column":4},"end":{"line":114,"column":54}},"31":{"start":{"line":115,"column":4},"end":{"line":115,"column":30}},"32":{"start":{"line":120,"column":26},"end":{"line":120,"column":36}},"33":{"start":{"line":121,"column":26},"end":{"line":121,"column":49}},"34":{"start":{"line":123,"column":4},"end":{"line":163,"column":6}},"35":{"start":{"line":152,"column":32},"end":{"line":152,"column":55}},"36":{"start":{"line":153,"column":32},"end":{"line":153,"column":66}},"37":{"start":{"line":167,"column":0},"end":{"line":167,"column":44}}},"fnMap":{"0":{"name":"(anonymous_0)","decl":{"start":{"line":26,"column":2},"end":{"line":26,"column":3}},"loc":{"start":{"line":26,"column":22},"end":{"line":29,"column":3}},"line":26},"1":{"name":"(anonymous_1)","decl":{"start":{"line":27,"column":30},"end":{"line":27,"column":31}},"loc":{"start":{"line":27,"column":40},"end":{"line":27,"column":75}},"line":27},"2":{"name":"(anonymous_2)","decl":{"start":{"line":31,"column":2},"end":{"line":31,"column":3}},"loc":{"start":{"line":31,"column":25},"end":{"line":33,"column":3}},"line":31},"3":{"name":"(anonymous_3)","decl":{"start":{"line":36,"column":19},"end":{"line":36,"column":20}},"loc":{"start":{"line":36,"column":25},"end":{"line":52,"column":3}},"line":36},"4":{"name":"(anonymous_4)","decl":{"start":{"line":55,"column":15},"end":{"line":55,"column":16}},"loc":{"start":{"line":55,"column":21},"end":{"line":89,"column":3}},"line":55},"5":{"name":"(anonymous_5)","decl":{"start":{"line":56,"column":50},"end":{"line":56,"column":51}},"loc":{"start":{"line":56,"column":60},"end":{"line":60,"column":5}},"line":56},"6":{"name":"(anonymous_6)","decl":{"start":{"line":63,"column":6},"end":{"line":63,"column":7}},"loc":{"start":{"line":63,"column":16},"end":{"line":67,"column":7}},"line":63},"7":{"name":"(anonymous_7)","decl":{"start":{"line":68,"column":6},"end":{"line":68,"column":7}},"loc":{"start":{"line":68,"column":15},"end":{"line":72,"column":7}},"line":68},"8":{"name":"(anonymous_8)","decl":{"start":{"line":80,"column":6},"end":{"line":80,"column":7}},"loc":{"start":{"line":80,"column":16},"end":{"line":82,"column":7}},"line":80},"9":{"name":"(anonymous_9)","decl":{"start":{"line":83,"column":6},"end":{"line":83,"column":7}},"loc":{"start":{"line":83,"column":15},"end":{"line":87,"column":7}},"line":83},"10":{"name":"(anonymous_10)","decl":{"start":{"line":92,"column":2},"end":{"line":92,"column":3}},"loc":{"start":{"line":92,"column":23},"end":{"line":95,"column":3}},"line":92},"11":{"name":"(anonymous_11)","decl":{"start":{"line":98,"column":2},"end":{"line":98,"column":3}},"loc":{"start":{"line":98,"column":21},"end":{"line":110,"column":3}},"line":98},"12":{"name":"(anonymous_12)","decl":{"start":{"line":113,"column":17},"end":{"line":113,"column":18}},"loc":{"start":{"line":113,"column":23},"end":{"line":116,"column":3}},"line":113},"13":{"name":"(anonymous_13)","decl":{"start":{"line":119,"column":2},"end":{"line":119,"column":3}},"loc":{"start":{"line":119,"column":11},"end":{"line":164,"column":3}},"line":119},"14":{"name":"(anonymous_14)","decl":{"start":{"line":152,"column":24},"end":{"line":152,"column":25}},"loc":{"start":{"line":152,"column":32},"end":{"line":152,"column":55}},"line":152},"15":{"name":"(anonymous_15)","decl":{"start":{"line":153,"column":24},"end":{"line":153,"column":25}},"loc":{"start":{"line":153,"column":32},"end":{"line":153,"column":66}},"line":153}},"branchMap":{"0":{"loc":{"start":{"line":38,"column":4},"end":{"line":48,"column":5}},"type":"if","locations":[{"start":{"line":38,"column":4},"end":{"line":48,"column":5}},{"start":{"line":38,"column":4},"end":{"line":48,"column":5}}],"line":38},"1":{"loc":{"start":{"line":39,"column":6},"end":{"line":41,"column":47}},"type":"binary-expr","locations":[{"start":{"line":39,"column":6},"end":{"line":39,"column":34}},{"start":{"line":40,"column":6},"end":{"line":40,"column":30}},{"start":{"line":41,"column":6},"end":{"line":41,"column":47}}],"line":39},"2":{"loc":{"start":{"line":99,"column":4},"end":{"line":109,"column":5}},"type":"if","locations":[{"start":{"line":99,"column":4},"end":{"line":109,"column":5}},{"start":{"line":99,"column":4},"end":{"line":109,"column":5}}],"line":99},"3":{"loc":{"start":{"line":101,"column":11},"end":{"line":109,"column":5}},"type":"if","locations":[{"start":{"line":101,"column":11},"end":{"line":109,"column":5}},{"start":{"line":101,"column":11},"end":{"line":109,"column":5}}],"line":101},"4":{"loc":{"start":{"line":103,"column":11},"end":{"line":109,"column":5}},"type":"if","locations":[{"start":{"line":103,"column":11},"end":{"line":109,"column":5}},{"start":{"line":103,"column":11},"end":{"line":109,"column":5}}],"line":103},"5":{"loc":{"start":{"line":105,"column":11},"end":{"line":109,"column":5}},"type":"if","locations":[{"start":{"line":105,"column":11},"end":{"line":109,"column":5}},{"start":{"line":105,"column":11},"end":{"line":109,"column":5}}],"line":105},"6":{"loc":{"start":{"line":114,"column":4},"end":{"line":114,"column":53}},"type":"binary-expr","locations":[{"start":{"line":114,"column":4},"end":{"line":114,"column":22}},{"start":{"line":114,"column":26},"end":{"line":114,"column":53}}],"line":114}},"s":{"0":1,"1":0,"2":1,"3":0,"4":0,"5":0,"6":0,"7":0,"8":1,"9":0,"10":1,"11":0,"12":0,"13":1,"14":1,"15":1,"16":1,"17":0,"18":0,"19":1,"20":1,"21":2,"22":0,"23":2,"24":0,"25":2,"26":0,"27":2,"28":0,"29":2,"30":0,"31":0,"32":1,"33":1,"34":1,"35":0,"36":0,"37":3},"f":{"0":1,"1":0,"2":0,"3":0,"4":1,"5":0,"6":0,"7":0,"8":0,"9":0,"10":1,"11":2,"12":0,"13":1,"14":0,"15":0},"b":{"0":[0,0],"1":[0,0,0],"2":[0,2],"3":[0,2],"4":[0,2],"5":[0,2],"6":[0,0]},"_coverageSchema":"332fd63041d2c1bcb487cc26dd0d5f7d97098a6c","hash":"74ee0d02cfd99758bd6f7bb42c3819448b30d2fa"}
,"/Users/mariussd/dev/webutvikling/3/it2810-webutvikling-h18-prosjekt-3-13/components/todo/InputBox.js": {"path":"/Users/mariussd/dev/webutvikling/3/it2810-webutvikling-h18-prosjekt-3-13/components/todo/InputBox.js","statementMap":{"0":{"start":{"line":9,"column":8},"end":{"line":9,"column":21}},"1":{"start":{"line":13,"column":8},"end":{"line":15,"column":11}},"2":{"start":{"line":19,"column":20},"end":{"line":19,"column":42}},"3":{"start":{"line":20,"column":8},"end":{"line":22,"column":11}},"4":{"start":{"line":26,"column":8},"end":{"line":32,"column":9}},"5":{"start":{"line":27,"column":25},"end":{"line":27,"column":44}},"6":{"start":{"line":28,"column":12},"end":{"line":30,"column":15}},"7":{"start":{"line":31,"column":12},"end":{"line":31,"column":35}},"8":{"start":{"line":36,"column":8},"end":{"line":59,"column":10}},"9":{"start":{"line":63,"column":0},"end":{"line":63,"column":26}}},"fnMap":{"0":{"name":"(anonymous_0)","decl":{"start":{"line":8,"column":4},"end":{"line":8,"column":5}},"loc":{"start":{"line":8,"column":23},"end":{"line":10,"column":5}},"line":8},"1":{"name":"(anonymous_1)","decl":{"start":{"line":12,"column":4},"end":{"line":12,"column":5}},"loc":{"start":{"line":12,"column":25},"end":{"line":16,"column":5}},"line":12},"2":{"name":"(anonymous_2)","decl":{"start":{"line":18,"column":15},"end":{"line":18,"column":16}},"loc":{"start":{"line":18,"column":26},"end":{"line":23,"column":5}},"line":18},"3":{"name":"(anonymous_3)","decl":{"start":{"line":25,"column":17},"end":{"line":25,"column":18}},"loc":{"start":{"line":25,"column":23},"end":{"line":33,"column":5}},"line":25},"4":{"name":"(anonymous_4)","decl":{"start":{"line":35,"column":4},"end":{"line":35,"column":5}},"loc":{"start":{"line":35,"column":13},"end":{"line":60,"column":5}},"line":35}},"branchMap":{"0":{"loc":{"start":{"line":26,"column":8},"end":{"line":32,"column":9}},"type":"if","locations":[{"start":{"line":26,"column":8},"end":{"line":32,"column":9}},{"start":{"line":26,"column":8},"end":{"line":32,"column":9}}],"line":26},"1":{"loc":{"start":{"line":48,"column":27},"end":{"line":48,"column":71}},"type":"cond-expr","locations":[{"start":{"line":48,"column":49},"end":{"line":48,"column":51}},{"start":{"line":48,"column":54},"end":{"line":48,"column":71}}],"line":48}},"s":{"0":1,"1":1,"2":0,"3":0,"4":0,"5":0,"6":0,"7":0,"8":1,"9":3},"f":{"0":1,"1":1,"2":0,"3":0,"4":1},"b":{"0":[0,0],"1":[0,1]},"_coverageSchema":"332fd63041d2c1bcb487cc26dd0d5f7d97098a6c","hash":"b1e57a4a8b89c7fc2effa798c35bed0d842a0723"}
,"/Users/mariussd/dev/webutvikling/3/it2810-webutvikling-h18-prosjekt-3-13/components/todo/ListObject.js": {"path":"/Users/mariussd/dev/webutvikling/3/it2810-webutvikling-h18-prosjekt-3-13/components/todo/ListObject.js","statementMap":{"0":{"start":{"line":8,"column":8},"end":{"line":8,"column":21}},"1":{"start":{"line":12,"column":8},"end":{"line":12,"column":49}},"2":{"start":{"line":16,"column":8},"end":{"line":16,"column":49}},"3":{"start":{"line":20,"column":8},"end":{"line":49,"column":10}},"4":{"start":{"line":35,"column":51},"end":{"line":35,"column":72}},"5":{"start":{"line":44,"column":51},"end":{"line":44,"column":80}},"6":{"start":{"line":53,"column":0},"end":{"line":53,"column":28}}},"fnMap":{"0":{"name":"(anonymous_0)","decl":{"start":{"line":7,"column":4},"end":{"line":7,"column":5}},"loc":{"start":{"line":7,"column":23},"end":{"line":9,"column":5}},"line":7},"1":{"name":"(anonymous_1)","decl":{"start":{"line":11,"column":22},"end":{"line":11,"column":23}},"loc":{"start":{"line":11,"column":28},"end":{"line":13,"column":5}},"line":11},"2":{"name":"(anonymous_2)","decl":{"start":{"line":15,"column":20},"end":{"line":15,"column":21}},"loc":{"start":{"line":15,"column":26},"end":{"line":17,"column":5}},"line":15},"3":{"name":"(anonymous_3)","decl":{"start":{"line":19,"column":4},"end":{"line":19,"column":5}},"loc":{"start":{"line":19,"column":13},"end":{"line":50,"column":5}},"line":19},"4":{"name":"(anonymous_4)","decl":{"start":{"line":35,"column":45},"end":{"line":35,"column":46}},"loc":{"start":{"line":35,"column":51},"end":{"line":35,"column":72}},"line":35},"5":{"name":"(anonymous_5)","decl":{"start":{"line":44,"column":45},"end":{"line":44,"column":46}},"loc":{"start":{"line":44,"column":51},"end":{"line":44,"column":80}},"line":44}},"branchMap":{"0":{"loc":{"start":{"line":26,"column":45},"end":{"line":26,"column":199}},"type":"cond-expr","locations":[{"start":{"line":26,"column":73},"end":{"line":26,"column":159}},{"start":{"line":26,"column":162},"end":{"line":26,"column":199}}],"line":26},"1":{"loc":{"start":{"line":41,"column":38},"end":{"line":41,"column":114}},"type":"cond-expr","locations":[{"start":{"line":41,"column":66},"end":{"line":41,"column":80}},{"start":{"line":41,"column":83},"end":{"line":41,"column":114}}],"line":41}},"s":{"0":4,"1":0,"2":0,"3":4,"4":0,"5":0,"6":3},"f":{"0":4,"1":0,"2":0,"3":4,"4":0,"5":0},"b":{"0":[0,4],"1":[0,4]},"_coverageSchema":"332fd63041d2c1bcb487cc26dd0d5f7d97098a6c","hash":"cd3661972fbd5e923b2de0c492d35f91262cc5dd"}
,"/Users/mariussd/dev/webutvikling/3/it2810-webutvikling-h18-prosjekt-3-13/components/todo/PartList.js": {"path":"/Users/mariussd/dev/webutvikling/3/it2810-webutvikling-h18-prosjekt-3-13/components/todo/PartList.js","statementMap":{"0":{"start":{"line":8,"column":8},"end":{"line":8,"column":21}},"1":{"start":{"line":12,"column":8},"end":{"line":12,"column":38}},"2":{"start":{"line":16,"column":8},"end":{"line":16,"column":38}},"3":{"start":{"line":20,"column":8},"end":{"line":28,"column":10}},"4":{"start":{"line":23,"column":16},"end":{"line":24,"column":19}},"5":{"start":{"line":32,"column":0},"end":{"line":32,"column":26}}},"fnMap":{"0":{"name":"(anonymous_0)","decl":{"start":{"line":7,"column":4},"end":{"line":7,"column":5}},"loc":{"start":{"line":7,"column":23},"end":{"line":9,"column":5}},"line":7},"1":{"name":"(anonymous_1)","decl":{"start":{"line":11,"column":22},"end":{"line":11,"column":23}},"loc":{"start":{"line":11,"column":32},"end":{"line":13,"column":5}},"line":11},"2":{"name":"(anonymous_2)","decl":{"start":{"line":15,"column":20},"end":{"line":15,"column":21}},"loc":{"start":{"line":15,"column":30},"end":{"line":17,"column":5}},"line":15},"3":{"name":"(anonymous_3)","decl":{"start":{"line":19,"column":4},"end":{"line":19,"column":5}},"loc":{"start":{"line":19,"column":13},"end":{"line":29,"column":5}},"line":19},"4":{"name":"(anonymous_4)","decl":{"start":{"line":22,"column":33},"end":{"line":22,"column":34}},"loc":{"start":{"line":23,"column":16},"end":{"line":24,"column":19}},"line":23}},"branchMap":{},"s":{"0":2,"1":0,"2":0,"3":2,"4":4,"5":3},"f":{"0":2,"1":0,"2":0,"3":2,"4":4},"b":{},"_coverageSchema":"332fd63041d2c1bcb487cc26dd0d5f7d97098a6c","hash":"d6ae335c36aec1f6e23d431544b4349b31c28d74"}
,"/Users/mariussd/dev/webutvikling/3/it2810-webutvikling-h18-prosjekt-3-13/components/todo/TodoApp.js": {"path":"/Users/mariussd/dev/webutvikling/3/it2810-webutvikling-h18-prosjekt-3-13/components/todo/TodoApp.js","statementMap":{"0":{"start":{"line":15,"column":8},"end":{"line":15,"column":21}},"1":{"start":{"line":17,"column":23},"end":{"line":17,"column":25}},"2":{"start":{"line":19,"column":8},"end":{"line":23,"column":9}},"3":{"start":{"line":20,"column":12},"end":{"line":22,"column":13}},"4":{"start":{"line":21,"column":16},"end":{"line":21,"column":62}},"5":{"start":{"line":25,"column":8},"end":{"line":27,"column":9}},"6":{"start":{"line":31,"column":8},"end":{"line":31,"column":71}},"7":{"start":{"line":31,"column":48},"end":{"line":31,"column":69}},"8":{"start":{"line":35,"column":8},"end":{"line":35,"column":45}},"9":{"start":{"line":39,"column":24},"end":{"line":39,"column":51}},"10":{"start":{"line":40,"column":8},"end":{"line":40,"column":49}},"11":{"start":{"line":41,"column":8},"end":{"line":43,"column":10}},"12":{"start":{"line":47,"column":24},"end":{"line":47,"column":51}},"13":{"start":{"line":48,"column":26},"end":{"line":48,"column":47}},"14":{"start":{"line":49,"column":8},"end":{"line":49,"column":37}},"15":{"start":{"line":50,"column":8},"end":{"line":52,"column":10}},"16":{"start":{"line":56,"column":24},"end":{"line":56,"column":51}},"17":{"start":{"line":57,"column":26},"end":{"line":57,"column":47}},"18":{"start":{"line":58,"column":22},"end":{"line":58,"column":26}},"19":{"start":{"line":59,"column":8},"end":{"line":59,"column":47}},"20":{"start":{"line":60,"column":8},"end":{"line":60,"column":46}},"21":{"start":{"line":61,"column":8},"end":{"line":63,"column":11}},"22":{"start":{"line":67,"column":8},"end":{"line":67,"column":34}},"23":{"start":{"line":71,"column":8},"end":{"line":71,"column":35}},"24":{"start":{"line":75,"column":8},"end":{"line":75,"column":31}},"25":{"start":{"line":79,"column":26},"end":{"line":79,"column":76}},"26":{"start":{"line":79,"column":61},"end":{"line":79,"column":75}},"27":{"start":{"line":80,"column":29},"end":{"line":80,"column":80}},"28":{"start":{"line":80,"column":64},"end":{"line":80,"column":79}},"29":{"start":{"line":82,"column":8},"end":{"line":109,"column":9}},"30":{"start":{"line":83,"column":12},"end":{"line":108,"column":13}},"31":{"start":{"line":84,"column":16},"end":{"line":97,"column":17}},"32":{"start":{"line":99,"column":16},"end":{"line":107,"column":17}},"33":{"start":{"line":110,"column":8},"end":{"line":121,"column":10}},"34":{"start":{"line":125,"column":0},"end":{"line":125,"column":25}}},"fnMap":{"0":{"name":"(anonymous_0)","decl":{"start":{"line":14,"column":4},"end":{"line":14,"column":5}},"loc":{"start":{"line":14,"column":23},"end":{"line":28,"column":5}},"line":14},"1":{"name":"(anonymous_1)","decl":{"start":{"line":30,"column":4},"end":{"line":30,"column":5}},"loc":{"start":{"line":30,"column":24},"end":{"line":32,"column":5}},"line":30},"2":{"name":"(anonymous_2)","decl":{"start":{"line":31,"column":38},"end":{"line":31,"column":39}},"loc":{"start":{"line":31,"column":48},"end":{"line":31,"column":69}},"line":31},"3":{"name":"(anonymous_3)","decl":{"start":{"line":34,"column":4},"end":{"line":34,"column":5}},"loc":{"start":{"line":34,"column":25},"end":{"line":36,"column":5}},"line":34},"4":{"name":"(anonymous_4)","decl":{"start":{"line":38,"column":18},"end":{"line":38,"column":19}},"loc":{"start":{"line":38,"column":28},"end":{"line":44,"column":5}},"line":38},"5":{"name":"(anonymous_5)","decl":{"start":{"line":46,"column":21},"end":{"line":46,"column":22}},"loc":{"start":{"line":46,"column":31},"end":{"line":53,"column":5}},"line":46},"6":{"name":"(anonymous_6)","decl":{"start":{"line":55,"column":22},"end":{"line":55,"column":23}},"loc":{"start":{"line":55,"column":32},"end":{"line":64,"column":5}},"line":55},"7":{"name":"(anonymous_7)","decl":{"start":{"line":66,"column":19},"end":{"line":66,"column":20}},"loc":{"start":{"line":66,"column":29},"end":{"line":68,"column":5}},"line":66},"8":{"name":"(anonymous_8)","decl":{"start":{"line":70,"column":19},"end":{"line":70,"column":20}},"loc":{"start":{"line":70,"column":29},"end":{"line":72,"column":5}},"line":70},"9":{"name":"(anonymous_9)","decl":{"start":{"line":74,"column":16},"end":{"line":74,"column":17}},"loc":{"start":{"line":74,"column":26},"end":{"line":76,"column":5}},"line":74},"10":{"name":"(anonymous_10)","decl":{"start":{"line":78,"column":4},"end":{"line":78,"column":5}},"loc":{"start":{"line":78,"column":13},"end":{"line":122,"column":7}},"line":78},"11":{"name":"(anonymous_11)","decl":{"start":{"line":79,"column":53},"end":{"line":79,"column":54}},"loc":{"start":{"line":79,"column":61},"end":{"line":79,"column":75}},"line":79},"12":{"name":"(anonymous_12)","decl":{"start":{"line":80,"column":56},"end":{"line":80,"column":57}},"loc":{"start":{"line":80,"column":64},"end":{"line":80,"column":79}},"line":80},"13":{"name":"(anonymous_13)","decl":{"start":{"line":82,"column":22},"end":{"line":82,"column":23}},"loc":{"start":{"line":82,"column":28},"end":{"line":109,"column":9}},"line":82}},"branchMap":{"0":{"loc":{"start":{"line":19,"column":8},"end":{"line":23,"column":9}},"type":"if","locations":[{"start":{"line":19,"column":8},"end":{"line":23,"column":9}},{"start":{"line":19,"column":8},"end":{"line":23,"column":9}}],"line":19},"1":{"loc":{"start":{"line":83,"column":12},"end":{"line":108,"column":13}},"type":"if","locations":[{"start":{"line":83,"column":12},"end":{"line":108,"column":13}},{"start":{"line":83,"column":12},"end":{"line":108,"column":13}}],"line":83},"2":{"loc":{"start":{"line":90,"column":35},"end":{"line":92,"column":126}},"type":"cond-expr","locations":[{"start":{"line":90,"column":79},"end":{"line":92,"column":121}},{"start":{"line":92,"column":124},"end":{"line":92,"column":126}}],"line":90},"3":{"loc":{"start":{"line":90,"column":36},"end":{"line":90,"column":75}},"type":"binary-expr","locations":[{"start":{"line":90,"column":36},"end":{"line":90,"column":52}},{"start":{"line":90,"column":56},"end":{"line":90,"column":75}}],"line":90}},"s":{"0":1,"1":1,"2":1,"3":1,"4":4,"5":1,"6":1,"7":0,"8":0,"9":0,"10":0,"11":0,"12":0,"13":0,"14":0,"15":0,"16":0,"17":0,"18":0,"19":0,"20":0,"21":0,"22":0,"23":0,"24":0,"25":1,"26":4,"27":1,"28":4,"29":1,"30":1,"31":1,"32":0,"33":1,"34":3},"f":{"0":1,"1":1,"2":0,"3":0,"4":0,"5":0,"6":0,"7":0,"8":0,"9":0,"10":1,"11":4,"12":4,"13":1},"b":{"0":[1,0],"1":[1,0],"2":[0,1],"3":[1,0]},"_coverageSchema":"332fd63041d2c1bcb487cc26dd0d5f7d97098a6c","hash":"2e19e4827393ed08be1c3f8307c989032468359c"}
,"/Users/mariussd/dev/webutvikling/3/it2810-webutvikling-h18-prosjekt-3-13/components/todo/TodoModel.js": {"path":"/Users/mariussd/dev/webutvikling/3/it2810-webutvikling-h18-prosjekt-3-13/components/todo/TodoModel.js","statementMap":{"0":{"start":{"line":3,"column":8},"end":{"line":3,"column":25}},"1":{"start":{"line":4,"column":8},"end":{"line":4,"column":44}},"2":{"start":{"line":5,"column":8},"end":{"line":5,"column":45}},"3":{"start":{"line":9,"column":0},"end":{"line":9,"column":27}}},"fnMap":{"0":{"name":"(anonymous_0)","decl":{"start":{"line":2,"column":4},"end":{"line":2,"column":5}},"loc":{"start":{"line":2,"column":56},"end":{"line":6,"column":5}},"line":2}},"branchMap":{"0":{"loc":{"start":{"line":2,"column":33},"end":{"line":2,"column":55}},"type":"default-arg","locations":[{"start":{"line":2,"column":45},"end":{"line":2,"column":55}}],"line":2},"1":{"loc":{"start":{"line":4,"column":25},"end":{"line":4,"column":43}},"type":"binary-expr","locations":[{"start":{"line":4,"column":25},"end":{"line":4,"column":34}},{"start":{"line":4,"column":38},"end":{"line":4,"column":43}}],"line":4}},"s":{"0":4,"1":4,"2":4,"3":3},"f":{"0":4},"b":{"0":[4],"1":[4,4]},"_coverageSchema":"332fd63041d2c1bcb487cc26dd0d5f7d97098a6c","hash":"7cdcfbb52d764bd00b1cdf7b2bb462da25155161"}
,"/Users/mariussd/dev/webutvikling/3/it2810-webutvikling-h18-prosjekt-3-13/screens/HomeScreen.js": {"path":"/Users/mariussd/dev/webutvikling/3/it2810-webutvikling-h18-prosjekt-3-13/screens/HomeScreen.js","statementMap":{"0":{"start":{"line":13,"column":4},"end":{"line":13,"column":17}},"1":{"start":{"line":20,"column":6},"end":{"line":20,"column":78}},"2":{"start":{"line":26,"column":4},"end":{"line":36,"column":6}}},"fnMap":{"0":{"name":"(anonymous_0)","decl":{"start":{"line":12,"column":2},"end":{"line":12,"column":3}},"loc":{"start":{"line":12,"column":21},"end":{"line":14,"column":3}},"line":12},"1":{"name":"(anonymous_1)","decl":{"start":{"line":19,"column":16},"end":{"line":19,"column":17}},"loc":{"start":{"line":20,"column":6},"end":{"line":20,"column":78}},"line":20},"2":{"name":"(anonymous_2)","decl":{"start":{"line":25,"column":2},"end":{"line":25,"column":3}},"loc":{"start":{"line":25,"column":11},"end":{"line":37,"column":3}},"line":25}},"branchMap":{},"s":{"0":3,"1":6,"2":3},"f":{"0":3,"1":6,"2":3},"b":{},"_coverageSchema":"332fd63041d2c1bcb487cc26dd0d5f7d97098a6c","hash":"46e84513a041ebe56847f8e21a1f524ba811124b"}
,"/Users/mariussd/dev/webutvikling/3/it2810-webutvikling-h18-prosjekt-3-13/screens/SettingsScreen.js": {"path":"/Users/mariussd/dev/webutvikling/3/it2810-webutvikling-h18-prosjekt-3-13/screens/SettingsScreen.js","statementMap":{"0":{"start":{"line":18,"column":25},"end":{"line":23,"column":8}},"1":{"start":{"line":29,"column":29},"end":{"line":29,"column":69}},"2":{"start":{"line":30,"column":4},"end":{"line":30,"column":35}},"3":{"start":{"line":31,"column":4},"end":{"line":31,"column":34}},"4":{"start":{"line":37,"column":29},"end":{"line":37,"column":69}},"5":{"start":{"line":38,"column":4},"end":{"line":38,"column":37}},"6":{"start":{"line":39,"column":4},"end":{"line":39,"column":36}},"7":{"start":{"line":44,"column":26},"end":{"line":44,"column":36}},"8":{"start":{"line":45,"column":4},"end":{"line":52,"column":6}}},"fnMap":{"0":{"name":"(anonymous_0)","decl":{"start":{"line":18,"column":19},"end":{"line":18,"column":20}},"loc":{"start":{"line":18,"column":25},"end":{"line":23,"column":8}},"line":18},"1":{"name":"(anonymous_1)","decl":{"start":{"line":28,"column":24},"end":{"line":28,"column":25}},"loc":{"start":{"line":28,"column":30},"end":{"line":32,"column":3}},"line":28},"2":{"name":"(anonymous_2)","decl":{"start":{"line":36,"column":24},"end":{"line":36,"column":25}},"loc":{"start":{"line":36,"column":30},"end":{"line":40,"column":3}},"line":36},"3":{"name":"(anonymous_3)","decl":{"start":{"line":43,"column":2},"end":{"line":43,"column":3}},"loc":{"start":{"line":43,"column":10},"end":{"line":53,"column":3}},"line":43}},"branchMap":{},"s":{"0":6,"1":0,"2":0,"3":0,"4":0,"5":0,"6":0,"7":0,"8":0},"f":{"0":6,"1":0,"2":0,"3":0},"b":{},"_coverageSchema":"332fd63041d2c1bcb487cc26dd0d5f7d97098a6c","hash":"b06e8d526c95c8afcf203396f1af13726a3dea3d"}
,"/Users/mariussd/dev/webutvikling/3/it2810-webutvikling-h18-prosjekt-3-13/screens/TodoScreen.js": {"path":"/Users/mariussd/dev/webutvikling/3/it2810-webutvikling-h18-prosjekt-3-13/screens/TodoScreen.js","statementMap":{"0":{"start":{"line":15,"column":25},"end":{"line":20,"column":8}},"1":{"start":{"line":25,"column":26},"end":{"line":25,"column":36}},"2":{"start":{"line":26,"column":4},"end":{"line":32,"column":6}}},"fnMap":{"0":{"name":"(anonymous_0)","decl":{"start":{"line":15,"column":19},"end":{"line":15,"column":20}},"loc":{"start":{"line":15,"column":25},"end":{"line":20,"column":8}},"line":15},"1":{"name":"(anonymous_1)","decl":{"start":{"line":24,"column":2},"end":{"line":24,"column":3}},"loc":{"start":{"line":24,"column":10},"end":{"line":33,"column":3}},"line":24}},"branchMap":{},"s":{"0":6,"1":0,"2":0},"f":{"0":6,"1":0},"b":{},"_coverageSchema":"332fd63041d2c1bcb487cc26dd0d5f7d97098a6c","hash":"7878147268f4b84761078d2934d4c67e4ad75faa"}
,"/Users/mariussd/dev/webutvikling/3/it2810-webutvikling-h18-prosjekt-3-13/screens/index.js": {"path":"/Users/mariussd/dev/webutvikling/3/it2810-webutvikling-h18-prosjekt-3-13/screens/index.js","statementMap":{},"fnMap":{},"branchMap":{},"s":{},"f":{},"b":{},"_coverageSchema":"332fd63041d2c1bcb487cc26dd0d5f7d97098a6c","hash":"cb1fdea17a37c34cc8c1f2ad5af43b1ee1349010"}
,"/Users/mariussd/dev/webutvikling/3/it2810-webutvikling-h18-prosjekt-3-13/screens/styles.js": {"path":"/Users/mariussd/dev/webutvikling/3/it2810-webutvikling-h18-prosjekt-3-13/screens/styles.js","statementMap":{"0":{"start":{"line":5,"column":22},"end":{"line":102,"column":2}},"1":{"start":{"line":5,"column":33},"end":{"line":102,"column":2}}},"fnMap":{"0":{"name":"(anonymous_0)","decl":{"start":{"line":5,"column":22},"end":{"line":5,"column":23}},"loc":{"start":{"line":5,"column":33},"end":{"line":102,"column":2}},"line":5}},"branchMap":{},"s":{"0":3,"1":15},"f":{"0":15},"b":{},"_coverageSchema":"332fd63041d2c1bcb487cc26dd0d5f7d97098a6c","hash":"bc0becfc1408205d203ee7722b55394e1b2a999f"}
,"/Users/mariussd/dev/webutvikling/3/it2810-webutvikling-h18-prosjekt-3-13/utils/localstorage.js": {"path":"/Users/mariussd/dev/webutvikling/3/it2810-webutvikling-h18-prosjekt-3-13/utils/localstorage.js","statementMap":{"0":{"start":{"line":4,"column":2},"end":{"line":10,"column":3}},"1":{"start":{"line":5,"column":4},"end":{"line":5,"column":52}},"2":{"start":{"line":6,"column":4},"end":{"line":6,"column":46}},"3":{"start":{"line":8,"column":4},"end":{"line":8,"column":56}},"4":{"start":{"line":9,"column":4},"end":{"line":9,"column":23}},"5":{"start":{"line":13,"column":24},"end":{"line":24,"column":1}},"6":{"start":{"line":15,"column":2},"end":{"line":21,"column":3}},"7":{"start":{"line":16,"column":15},"end":{"line":16,"column":46}},"8":{"start":{"line":17,"column":4},"end":{"line":17,"column":34}},"9":{"start":{"line":19,"column":4},"end":{"line":19,"column":59}},"10":{"start":{"line":20,"column":4},"end":{"line":20,"column":23}},"11":{"start":{"line":22,"column":2},"end":{"line":22,"column":46}},"12":{"start":{"line":23,"column":2},"end":{"line":23,"column":20}}},"fnMap":{"0":{"name":"saveData","decl":{"start":{"line":3,"column":24},"end":{"line":3,"column":32}},"loc":{"start":{"line":3,"column":44},"end":{"line":11,"column":1}},"line":3},"1":{"name":"(anonymous_1)","decl":{"start":{"line":13,"column":24},"end":{"line":13,"column":25}},"loc":{"start":{"line":13,"column":37},"end":{"line":24,"column":1}},"line":13}},"branchMap":{},"s":{"0":0,"1":0,"2":0,"3":0,"4":0,"5":3,"6":5,"7":5,"8":0,"9":0,"10":0,"11":0,"12":0},"f":{"0":0,"1":5},"b":{},"_coverageSchema":"332fd63041d2c1bcb487cc26dd0d5f7d97098a6c","hash":"a7340a52786d1f5bbc50363fe6ad69248bae3f87"}
}
