TN:
SF:/Users/mariussd/dev/webutvikling/3/it2810-webutvikling-h18-prosjekt-3-13/App.js
FN:12,(anonymous_0)
FN:24,(anonymous_1)
FN:42,(anonymous_2)
FN:43,(anonymous_3)
FN:45,(anonymous_4)
FN:46,(anonymous_5)
FN:49,(anonymous_6)
FNF:7
FNH:3
FNDA:3,(anonymous_0)
FNDA:0,(anonymous_1)
FNDA:0,(anonymous_2)
FNDA:0,(anonymous_3)
FNDA:3,(anonymous_4)
FNDA:0,(anonymous_5)
FNDA:3,(anonymous_6)
DA:9,2
DA:13,3
DA:14,3
DA:15,3
DA:25,0
DA:29,0
DA:30,0
DA:34,0
DA:35,0
DA:43,0
DA:46,3
DA:50,3
DA:51,3
DA:52,3
DA:58,3
DA:62,2
LF:16
LH:10
BRDA:29,0,0,0
BRDA:29,0,1,0
BRDA:34,1,0,0
BRDA:34,1,1,0
BRF:4
BRH:0
end_of_record
TN:
SF:/Users/mariussd/dev/webutvikling/3/it2810-webutvikling-h18-prosjekt-3-13/__test__/sum.js
FN:1,sum
FNF:1
FNH:1
FNDA:1,sum
DA:2,1
DA:4,1
LF:2
LH:2
BRF:0
BRH:0
end_of_record
TN:
SF:/Users/mariussd/dev/webutvikling/3/it2810-webutvikling-h18-prosjekt-3-13/components/DailyGoal.js
FN:5,(anonymous_0)
FNF:1
FNH:1
FNDA:1,(anonymous_0)
DA:6,1
LF:1
LH:1
BRF:0
BRH:0
end_of_record
TN:
SF:/Users/mariussd/dev/webutvikling/3/it2810-webutvikling-h18-prosjekt-3-13/components/DailyGoalContainer.js
FN:12,(anonymous_0)
FN:18,(anonymous_1)
FN:22,(anonymous_2)
FN:38,(anonymous_3)
FN:44,(anonymous_4)
FN:65,(anonymous_5)
FN:66,(anonymous_6)
FN:69,(anonymous_7)
FN:73,(anonymous_8)
FNF:9
FNH:4
FNDA:3,(anonymous_0)
FNDA:0,(anonymous_1)
FNDA:0,(anonymous_2)
FNDA:0,(anonymous_3)
FNDA:3,(anonymous_4)
FNDA:3,(anonymous_5)
FNDA:0,(anonymous_6)
FNDA:0,(anonymous_7)
FNDA:3,(anonymous_8)
DA:9,2
DA:13,3
DA:15,3
DA:19,0
DA:20,0
DA:22,0
DA:23,0
DA:24,0
DA:28,0
DA:29,0
DA:31,0
DA:34,0
DA:35,0
DA:39,0
DA:40,0
DA:45,3
DA:46,3
DA:52,0
DA:66,3
DA:70,0
DA:74,3
LF:21
LH:7
BRDA:23,0,0,0
BRDA:23,0,1,0
BRDA:28,1,0,0
BRDA:28,1,1,0
BRDA:39,2,0,0
BRDA:39,2,1,0
BRDA:45,3,0,3
BRDA:45,3,1,0
BRF:8
BRH:1
end_of_record
TN:
SF:/Users/mariussd/dev/webutvikling/3/it2810-webutvikling-h18-prosjekt-3-13/components/DailyGoalForm.js
FN:8,(anonymous_0)
FN:13,(anonymous_1)
FN:21,(anonymous_2)
FN:25,(anonymous_3)
FN:39,(anonymous_4)
FN:51,(anonymous_5)
FNF:6
FNH:3
FNDA:3,(anonymous_0)
FNDA:0,(anonymous_1)
FNDA:0,(anonymous_2)
FNDA:3,(anonymous_3)
FNDA:3,(anonymous_4)
FNDA:0,(anonymous_5)
DA:9,3
DA:10,3
DA:14,0
DA:15,0
DA:18,0
DA:22,0
DA:26,3
DA:40,3
DA:51,0
LF:9
LH:4
BRDA:14,0,0,0
BRDA:14,0,1,0
BRF:2
BRH:0
end_of_record
TN:
SF:/Users/mariussd/dev/webutvikling/3/it2810-webutvikling-h18-prosjekt-3-13/components/Pedometer.js
FN:21,(anonymous_0)
FN:22,(anonymous_1)
FN:26,(anonymous_2)
FN:30,(anonymous_3)
FN:41,(anonymous_4)
FN:42,(anonymous_5)
FN:49,(anonymous_6)
FN:54,(anonymous_7)
FN:65,(anonymous_8)
FN:68,(anonymous_9)
FN:76,(anonymous_10)
FN:92,(anonymous_11)
FN:110,(anonymous_12)
FN:115,(anonymous_13)
FN:149,(anonymous_14)
FN:151,(anonymous_15)
FNF:16
FNH:5
FNDA:3,(anonymous_0)
FNDA:0,(anonymous_1)
FNDA:0,(anonymous_2)
FNDA:0,(anonymous_3)
FNDA:3,(anonymous_4)
FNDA:0,(anonymous_5)
FNDA:0,(anonymous_6)
FNDA:0,(anonymous_7)
FNDA:0,(anonymous_8)
FNDA:0,(anonymous_9)
FNDA:6,(anonymous_10)
FNDA:3,(anonymous_11)
FNDA:0,(anonymous_12)
FNDA:3,(anonymous_13)
FNDA:0,(anonymous_14)
FNDA:0,(anonymous_15)
DA:22,3
DA:23,3
DA:27,0
DA:32,0
DA:33,0
DA:37,0
DA:42,3
DA:43,0
DA:48,3
DA:50,0
DA:55,0
DA:61,3
DA:62,3
DA:63,3
DA:64,3
DA:66,0
DA:69,0
DA:77,6
DA:78,6
DA:79,3
DA:80,0
DA:82,3
DA:84,3
DA:85,3
DA:86,3
DA:88,0
DA:93,3
DA:94,0
DA:96,3
DA:97,0
DA:99,3
DA:100,0
DA:102,3
DA:103,0
DA:106,3
DA:111,0
DA:112,0
DA:116,3
DA:117,3
DA:118,3
DA:119,3
DA:120,3
DA:149,0
DA:151,0
DA:163,2
LF:45
LH:26
BRDA:32,0,0,0
BRDA:32,0,1,0
BRDA:32,1,0,0
BRDA:32,1,1,0
BRDA:32,1,2,0
BRDA:78,2,0,3
BRDA:78,2,1,3
BRDA:79,3,0,0
BRDA:79,3,1,3
BRDA:84,4,0,3
BRDA:84,4,1,0
BRDA:85,5,0,3
BRDA:85,5,1,0
BRDA:93,6,0,0
BRDA:93,6,1,3
BRDA:96,7,0,0
BRDA:96,7,1,3
BRDA:99,8,0,0
BRDA:99,8,1,3
BRDA:102,9,0,0
BRDA:102,9,1,3
BRDA:111,10,0,0
BRDA:111,10,1,0
BRF:23
BRH:9
end_of_record
TN:
SF:/Users/mariussd/dev/webutvikling/3/it2810-webutvikling-h18-prosjekt-3-13/components/todo/InputBox.js
FN:8,(anonymous_0)
FN:12,(anonymous_1)
FN:18,(anonymous_2)
FN:25,(anonymous_3)
FN:35,(anonymous_4)
FNF:5
FNH:3
FNDA:1,(anonymous_0)
FNDA:1,(anonymous_1)
FNDA:0,(anonymous_2)
FNDA:0,(anonymous_3)
FNDA:1,(anonymous_4)
DA:9,1
DA:13,1
DA:19,0
DA:20,0
DA:26,0
DA:27,0
DA:28,0
DA:31,0
DA:36,1
DA:37,1
DA:64,2
LF:11
LH:5
BRDA:26,0,0,0
BRDA:26,0,1,0
BRDA:49,1,0,0
BRDA:49,1,1,1
BRF:4
BRH:1
end_of_record
TN:
SF:/Users/mariussd/dev/webutvikling/3/it2810-webutvikling-h18-prosjekt-3-13/components/todo/ListObject.js
FN:7,(anonymous_0)
FN:11,(anonymous_1)
FN:15,(anonymous_2)
FN:19,(anonymous_3)
FN:23,(anonymous_4)
FN:38,(anonymous_5)
FN:47,(anonymous_6)
FNF:7
FNH:2
FNDA:4,(anonymous_0)
FNDA:0,(anonymous_1)
FNDA:0,(anonymous_2)
FNDA:0,(anonymous_3)
FNDA:4,(anonymous_4)
FNDA:0,(anonymous_5)
FNDA:0,(anonymous_6)
DA:8,4
DA:12,0
DA:16,0
DA:20,0
DA:24,4
DA:38,0
DA:47,0
DA:56,2
LF:8
LH:3
BRDA:29,0,0,0
BRDA:29,0,1,4
BRDA:44,1,0,0
BRDA:44,1,1,4
BRF:4
BRH:2
end_of_record
TN:
SF:/Users/mariussd/dev/webutvikling/3/it2810-webutvikling-h18-prosjekt-3-13/components/todo/PartList.js
FN:7,(anonymous_0)
FN:11,(anonymous_1)
FN:15,(anonymous_2)
FN:19,(anonymous_3)
FN:22,(anonymous_4)
FNF:5
FNH:3
FNDA:2,(anonymous_0)
FNDA:0,(anonymous_1)
FNDA:0,(anonymous_2)
FNDA:2,(anonymous_3)
FNDA:4,(anonymous_4)
DA:8,2
DA:12,0
DA:16,0
DA:20,2
DA:23,4
DA:32,2
LF:6
LH:4
BRF:0
BRH:0
end_of_record
TN:
SF:/Users/mariussd/dev/webutvikling/3/it2810-webutvikling-h18-prosjekt-3-13/components/todo/TodoApp.js
FN:12,(anonymous_0)
FN:28,(anonymous_1)
FN:36,(anonymous_2)
FN:45,(anonymous_3)
FN:56,(anonymous_4)
FN:60,(anonymous_5)
FN:64,(anonymous_6)
FN:68,(anonymous_7)
FN:70,(anonymous_8)
FN:71,(anonymous_9)
FN:73,(anonymous_10)
FNF:11
FNH:5
FNDA:1,(anonymous_0)
FNDA:0,(anonymous_1)
FNDA:0,(anonymous_2)
FNDA:0,(anonymous_3)
FNDA:0,(anonymous_4)
FNDA:0,(anonymous_5)
FNDA:0,(anonymous_6)
FNDA:1,(anonymous_7)
FNDA:4,(anonymous_8)
FNDA:4,(anonymous_9)
FNDA:1,(anonymous_10)
DA:13,1
DA:15,1
DA:17,1
DA:18,1
DA:19,4
DA:23,1
DA:29,0
DA:30,0
DA:31,0
DA:37,0
DA:38,0
DA:39,0
DA:40,0
DA:46,0
DA:47,0
DA:48,0
DA:49,0
DA:50,0
DA:51,0
DA:57,0
DA:61,0
DA:65,0
DA:69,1
DA:70,4
DA:71,4
DA:73,1
DA:74,1
DA:75,1
DA:92,0
DA:103,1
DA:118,2
LF:31
LH:14
BRDA:17,0,0,1
BRDA:17,0,1,0
BRDA:74,1,0,1
BRDA:74,1,1,0
BRF:4
BRH:2
end_of_record
TN:
SF:/Users/mariussd/dev/webutvikling/3/it2810-webutvikling-h18-prosjekt-3-13/components/todo/TodoModel.js
FN:2,(anonymous_0)
FNF:1
FNH:1
FNDA:4,(anonymous_0)
DA:3,4
DA:4,4
DA:5,4
DA:9,2
LF:4
LH:4
BRDA:2,0,0,4
BRDA:4,1,0,4
BRDA:4,1,1,4
BRF:3
BRH:3
end_of_record
TN:
SF:/Users/mariussd/dev/webutvikling/3/it2810-webutvikling-h18-prosjekt-3-13/screens/HomeScreen.js
FN:13,(anonymous_0)
FN:21,(anonymous_1)
FNF:2
FNH:2
FNDA:3,(anonymous_0)
FNDA:3,(anonymous_1)
DA:14,3
DA:22,3
DA:23,3
DA:24,3
LF:4
LH:4
BRF:0
BRH:0
end_of_record
TN:
SF:/Users/mariussd/dev/webutvikling/3/it2810-webutvikling-h18-prosjekt-3-13/screens/SettingsScreen.js
FN:17,(anonymous_0)
FN:23,(anonymous_1)
FN:29,(anonymous_2)
FNF:3
FNH:0
FNDA:0,(anonymous_0)
FNDA:0,(anonymous_1)
FNDA:0,(anonymous_2)
DA:18,0
DA:19,0
DA:20,0
DA:24,0
DA:25,0
DA:26,0
DA:30,0
DA:31,0
LF:8
LH:0
BRF:0
BRH:0
end_of_record
TN:
SF:/Users/mariussd/dev/webutvikling/3/it2810-webutvikling-h18-prosjekt-3-13/screens/TodoScreen.js
FN:13,(anonymous_0)
FNF:1
FNH:0
FNDA:0,(anonymous_0)
DA:14,0
LF:1
LH:0
BRF:0
BRH:0
end_of_record
TN:
SF:/Users/mariussd/dev/webutvikling/3/it2810-webutvikling-h18-prosjekt-3-13/screens/index.js
FNF:0
FNH:0
LF:0
LH:0
BRF:0
BRH:0
end_of_record
TN:
SF:/Users/mariussd/dev/webutvikling/3/it2810-webutvikling-h18-prosjekt-3-13/screens/styles.js
FN:4,(anonymous_0)
FNF:1
FNH:1
FNDA:37,(anonymous_0)
DA:4,37
LF:1
LH:1
BRF:0
BRH:0
end_of_record
TN:
SF:/Users/mariussd/dev/webutvikling/3/it2810-webutvikling-h18-prosjekt-3-13/utils/localstorage.js
FN:3,saveData
FN:13,(anonymous_1)
FNF:2
FNH:1
FNDA:0,saveData
FNDA:9,(anonymous_1)
DA:4,0
DA:5,0
DA:6,0
DA:8,0
DA:9,0
DA:13,2
DA:15,9
DA:16,9
DA:17,0
DA:19,0
DA:20,0
DA:22,0
DA:23,0
LF:13
LH:3
BRF:0
BRH:0
end_of_record
