TN:
SF:/Users/mariussd/dev/webutvikling/3/it2810-webutvikling-h18-prosjekt-3-13/App.js
FN:14,(anonymous_0)
FN:28,(anonymous_1)
FN:49,(anonymous_2)
FN:50,(anonymous_3)
FN:54,(anonymous_4)
FN:55,(anonymous_5)
FN:58,(anonymous_6)
FNF:7
FNH:3
FNDA:3,(anonymous_0)
FNDA:0,(anonymous_1)
FNDA:0,(anonymous_2)
FNDA:0,(anonymous_3)
FNDA:3,(anonymous_4)
FNDA:0,(anonymous_5)
FNDA:3,(anonymous_6)
DA:11,3
DA:15,3
DA:17,3
DA:29,0
DA:33,0
DA:34,0
DA:39,0
DA:40,0
DA:50,0
DA:55,3
DA:60,3
DA:68,3
DA:73,3
LF:13
LH:7
BRDA:33,0,0,0
BRDA:33,0,1,0
BRDA:39,1,0,0
BRDA:39,1,1,0
BRF:4
BRH:0
end_of_record
TN:
SF:/Users/mariussd/dev/webutvikling/3/it2810-webutvikling-h18-prosjekt-3-13/__test__/sum.js
FN:1,sum
FNF:1
FNH:1
FNDA:1,sum
DA:2,1
DA:4,1
LF:2
LH:2
BRF:0
BRH:0
end_of_record
TN:
SF:/Users/mariussd/dev/webutvikling/3/it2810-webutvikling-h18-prosjekt-3-13/components/DailyGoal.js
FN:5,(anonymous_0)
FNF:1
FNH:1
FNDA:1,(anonymous_0)
DA:6,1
LF:1
LH:1
BRF:0
BRH:0
end_of_record
TN:
SF:/Users/mariussd/dev/webutvikling/3/it2810-webutvikling-h18-prosjekt-3-13/components/DailyGoalContainer.js
FN:11,(anonymous_0)
FN:17,(anonymous_1)
FN:21,(anonymous_2)
FN:37,(anonymous_3)
FN:43,(anonymous_4)
FN:64,(anonymous_5)
FN:65,(anonymous_6)
FN:68,(anonymous_7)
FN:72,(anonymous_8)
FNF:9
FNH:0
FNDA:0,(anonymous_0)
FNDA:0,(anonymous_1)
FNDA:0,(anonymous_2)
FNDA:0,(anonymous_3)
FNDA:0,(anonymous_4)
FNDA:0,(anonymous_5)
FNDA:0,(anonymous_6)
FNDA:0,(anonymous_7)
FNDA:0,(anonymous_8)
DA:8,3
DA:12,0
DA:14,0
DA:18,0
DA:19,0
DA:21,0
DA:22,0
DA:23,0
DA:27,0
DA:28,0
DA:30,0
DA:33,0
DA:34,0
DA:38,0
DA:39,0
DA:44,0
DA:45,0
DA:51,0
DA:65,0
DA:69,0
DA:73,0
LF:21
LH:1
BRDA:22,0,0,0
BRDA:22,0,1,0
BRDA:27,1,0,0
BRDA:27,1,1,0
BRDA:38,2,0,0
BRDA:38,2,1,0
BRDA:44,3,0,0
BRDA:44,3,1,0
BRF:8
BRH:0
end_of_record
TN:
SF:/Users/mariussd/dev/webutvikling/3/it2810-webutvikling-h18-prosjekt-3-13/components/DailyGoalForm.js
FN:8,(anonymous_0)
FN:13,(anonymous_1)
FN:21,(anonymous_2)
FN:25,(anonymous_3)
FN:38,(anonymous_4)
FN:51,(anonymous_5)
FNF:6
FNH:0
FNDA:0,(anonymous_0)
FNDA:0,(anonymous_1)
FNDA:0,(anonymous_2)
FNDA:0,(anonymous_3)
FNDA:0,(anonymous_4)
FNDA:0,(anonymous_5)
DA:9,0
DA:10,0
DA:14,0
DA:15,0
DA:18,0
DA:22,0
DA:26,0
DA:39,0
DA:51,0
LF:9
LH:0
BRDA:14,0,0,0
BRDA:14,0,1,0
BRF:2
BRH:0
end_of_record
TN:
SF:/Users/mariussd/dev/webutvikling/3/it2810-webutvikling-h18-prosjekt-3-13/components/Pedometer.js
FN:26,(anonymous_0)
FN:27,(anonymous_1)
FN:31,(anonymous_2)
FN:36,(anonymous_3)
FN:55,(anonymous_4)
FN:56,(anonymous_5)
FN:63,(anonymous_6)
FN:68,(anonymous_7)
FN:80,(anonymous_8)
FN:83,(anonymous_9)
FN:92,(anonymous_10)
FN:98,(anonymous_11)
FN:113,(anonymous_12)
FN:119,(anonymous_13)
FN:152,(anonymous_14)
FN:153,(anonymous_15)
FNF:16
FNH:5
FNDA:1,(anonymous_0)
FNDA:0,(anonymous_1)
FNDA:0,(anonymous_2)
FNDA:0,(anonymous_3)
FNDA:1,(anonymous_4)
FNDA:0,(anonymous_5)
FNDA:0,(anonymous_6)
FNDA:0,(anonymous_7)
FNDA:0,(anonymous_8)
FNDA:0,(anonymous_9)
FNDA:1,(anonymous_10)
FNDA:2,(anonymous_11)
FNDA:0,(anonymous_12)
FNDA:1,(anonymous_13)
FNDA:0,(anonymous_14)
FNDA:0,(anonymous_15)
DA:27,1
DA:28,1
DA:32,0
DA:38,0
DA:43,0
DA:47,0
DA:49,0
DA:56,1
DA:57,0
DA:62,1
DA:64,0
DA:69,0
DA:76,1
DA:77,1
DA:78,1
DA:79,1
DA:81,0
DA:84,0
DA:93,1
DA:94,1
DA:99,2
DA:100,0
DA:101,2
DA:102,0
DA:103,2
DA:104,0
DA:105,2
DA:106,0
DA:108,2
DA:114,0
DA:115,0
DA:120,1
DA:121,1
DA:123,1
DA:152,0
DA:153,0
DA:167,3
LF:37
LH:19
BRDA:38,0,0,0
BRDA:38,0,1,0
BRDA:39,1,0,0
BRDA:39,1,1,0
BRDA:39,1,2,0
BRDA:99,2,0,0
BRDA:99,2,1,2
BRDA:101,3,0,0
BRDA:101,3,1,2
BRDA:103,4,0,0
BRDA:103,4,1,2
BRDA:105,5,0,0
BRDA:105,5,1,2
BRDA:114,6,0,0
BRDA:114,6,1,0
BRF:15
BRH:4
end_of_record
TN:
SF:/Users/mariussd/dev/webutvikling/3/it2810-webutvikling-h18-prosjekt-3-13/components/todo/InputBox.js
FN:8,(anonymous_0)
FN:12,(anonymous_1)
FN:18,(anonymous_2)
FN:25,(anonymous_3)
FN:35,(anonymous_4)
FNF:5
FNH:3
FNDA:1,(anonymous_0)
FNDA:1,(anonymous_1)
FNDA:0,(anonymous_2)
FNDA:0,(anonymous_3)
FNDA:1,(anonymous_4)
DA:9,1
DA:13,1
DA:19,0
DA:20,0
DA:26,0
DA:27,0
DA:28,0
DA:31,0
DA:36,1
DA:63,3
LF:10
LH:4
BRDA:26,0,0,0
BRDA:26,0,1,0
BRDA:48,1,0,0
BRDA:48,1,1,1
BRF:4
BRH:1
end_of_record
TN:
SF:/Users/mariussd/dev/webutvikling/3/it2810-webutvikling-h18-prosjekt-3-13/components/todo/ListObject.js
FN:7,(anonymous_0)
FN:11,(anonymous_1)
FN:15,(anonymous_2)
FN:19,(anonymous_3)
FN:35,(anonymous_4)
FN:44,(anonymous_5)
FNF:6
FNH:2
FNDA:4,(anonymous_0)
FNDA:0,(anonymous_1)
FNDA:0,(anonymous_2)
FNDA:4,(anonymous_3)
FNDA:0,(anonymous_4)
FNDA:0,(anonymous_5)
DA:8,4
DA:12,0
DA:16,0
DA:20,4
DA:35,0
DA:44,0
DA:53,3
LF:7
LH:3
BRDA:26,0,0,0
BRDA:26,0,1,4
BRDA:41,1,0,0
BRDA:41,1,1,4
BRF:4
BRH:2
end_of_record
TN:
SF:/Users/mariussd/dev/webutvikling/3/it2810-webutvikling-h18-prosjekt-3-13/components/todo/PartList.js
FN:7,(anonymous_0)
FN:11,(anonymous_1)
FN:15,(anonymous_2)
FN:19,(anonymous_3)
FN:22,(anonymous_4)
FNF:5
FNH:3
FNDA:2,(anonymous_0)
FNDA:0,(anonymous_1)
FNDA:0,(anonymous_2)
FNDA:2,(anonymous_3)
FNDA:4,(anonymous_4)
DA:8,2
DA:12,0
DA:16,0
DA:20,2
DA:23,4
DA:32,3
LF:6
LH:4
BRF:0
BRH:0
end_of_record
TN:
SF:/Users/mariussd/dev/webutvikling/3/it2810-webutvikling-h18-prosjekt-3-13/components/todo/TodoApp.js
FN:14,(anonymous_0)
FN:30,(anonymous_1)
FN:31,(anonymous_2)
FN:34,(anonymous_3)
FN:38,(anonymous_4)
FN:46,(anonymous_5)
FN:55,(anonymous_6)
FN:66,(anonymous_7)
FN:70,(anonymous_8)
FN:74,(anonymous_9)
FN:78,(anonymous_10)
FN:79,(anonymous_11)
FN:80,(anonymous_12)
FN:82,(anonymous_13)
FNF:14
FNH:6
FNDA:1,(anonymous_0)
FNDA:1,(anonymous_1)
FNDA:0,(anonymous_2)
FNDA:0,(anonymous_3)
FNDA:0,(anonymous_4)
FNDA:0,(anonymous_5)
FNDA:0,(anonymous_6)
FNDA:0,(anonymous_7)
FNDA:0,(anonymous_8)
FNDA:0,(anonymous_9)
FNDA:1,(anonymous_10)
FNDA:4,(anonymous_11)
FNDA:4,(anonymous_12)
FNDA:1,(anonymous_13)
DA:15,1
DA:17,1
DA:19,1
DA:20,1
DA:21,4
DA:25,1
DA:31,1
DA:35,0
DA:39,0
DA:40,0
DA:41,0
DA:47,0
DA:48,0
DA:49,0
DA:50,0
DA:56,0
DA:57,0
DA:58,0
DA:59,0
DA:60,0
DA:61,0
DA:67,0
DA:71,0
DA:75,0
DA:79,4
DA:80,4
DA:82,1
DA:83,1
DA:84,1
DA:99,0
DA:110,1
DA:125,3
LF:32
LH:14
BRDA:19,0,0,1
BRDA:19,0,1,0
BRDA:83,1,0,1
BRDA:83,1,1,0
BRDA:90,2,0,0
BRDA:90,2,1,1
BRDA:90,3,0,1
BRDA:90,3,1,0
BRF:8
BRH:4
end_of_record
TN:
SF:/Users/mariussd/dev/webutvikling/3/it2810-webutvikling-h18-prosjekt-3-13/components/todo/TodoModel.js
FN:2,(anonymous_0)
FNF:1
FNH:1
FNDA:4,(anonymous_0)
DA:3,4
DA:4,4
DA:5,4
DA:9,3
LF:4
LH:4
BRDA:2,0,0,4
BRDA:4,1,0,4
BRDA:4,1,1,4
BRF:3
BRH:3
end_of_record
TN:
SF:/Users/mariussd/dev/webutvikling/3/it2810-webutvikling-h18-prosjekt-3-13/screens/HomeScreen.js
FN:12,(anonymous_0)
FN:19,(anonymous_1)
FN:25,(anonymous_2)
FNF:3
FNH:3
FNDA:3,(anonymous_0)
FNDA:6,(anonymous_1)
FNDA:3,(anonymous_2)
DA:13,3
DA:20,6
DA:26,3
LF:3
LH:3
BRF:0
BRH:0
end_of_record
TN:
SF:/Users/mariussd/dev/webutvikling/3/it2810-webutvikling-h18-prosjekt-3-13/screens/SettingsScreen.js
FN:18,(anonymous_0)
FN:28,(anonymous_1)
FN:36,(anonymous_2)
FN:43,(anonymous_3)
FNF:4
FNH:1
FNDA:6,(anonymous_0)
FNDA:0,(anonymous_1)
FNDA:0,(anonymous_2)
FNDA:0,(anonymous_3)
DA:18,6
DA:29,0
DA:30,0
DA:31,0
DA:37,0
DA:38,0
DA:39,0
DA:44,0
DA:45,0
LF:9
LH:1
BRF:0
BRH:0
end_of_record
TN:
SF:/Users/mariussd/dev/webutvikling/3/it2810-webutvikling-h18-prosjekt-3-13/screens/TodoScreen.js
FN:15,(anonymous_0)
FN:24,(anonymous_1)
FNF:2
FNH:1
FNDA:6,(anonymous_0)
FNDA:0,(anonymous_1)
DA:15,6
DA:25,0
DA:26,0
LF:3
LH:1
BRF:0
BRH:0
end_of_record
TN:
SF:/Users/mariussd/dev/webutvikling/3/it2810-webutvikling-h18-prosjekt-3-13/screens/index.js
FNF:0
FNH:0
LF:0
LH:0
BRF:0
BRH:0
end_of_record
TN:
SF:/Users/mariussd/dev/webutvikling/3/it2810-webutvikling-h18-prosjekt-3-13/screens/styles.js
FN:5,(anonymous_0)
FNF:1
FNH:1
FNDA:15,(anonymous_0)
DA:5,15
LF:1
LH:1
BRF:0
BRH:0
end_of_record
TN:
SF:/Users/mariussd/dev/webutvikling/3/it2810-webutvikling-h18-prosjekt-3-13/utils/localstorage.js
FN:3,saveData
FN:13,(anonymous_1)
FNF:2
FNH:1
FNDA:0,saveData
FNDA:5,(anonymous_1)
DA:4,0
DA:5,0
DA:6,0
DA:8,0
DA:9,0
DA:13,3
DA:15,5
DA:16,5
DA:17,0
DA:19,0
DA:20,0
DA:22,0
DA:23,0
LF:13
LH:3
BRF:0
BRH:0
end_of_record
